<?xml version="1.0" encoding="UTF-8"?>
<coverage generated="1763574181111" clover="3.2.0">
  <project timestamp="1763574181111" name="All files">
    <metrics statements="213" coveredstatements="161" conditionals="98" coveredconditionals="60" methods="81" coveredmethods="52" elements="392" coveredelements="273" complexity="0" loc="213" ncloc="213" packages="3" files="3" classes="3"/>
    <package name="Arte.ColorMixer">
      <metrics statements="69" coveredstatements="52" conditionals="15" coveredconditionals="7" methods="27" coveredmethods="15"/>
      <file name="ColorMixer.tsx" path="C:\Users\jenni\OneDrive\Documentos\Integracion_ContinuaTF\src\components\Arte\ColorMixer\ColorMixer.tsx">
        <metrics statements="69" coveredstatements="52" conditionals="15" coveredconditionals="7" methods="27" coveredmethods="15"/>
        <line num="1" count="1" type="stmt"/>
        <line num="2" count="1" type="stmt"/>
        <line num="10" count="1" type="stmt"/>
        <line num="11" count="24" type="stmt"/>
        <line num="17" count="24" type="stmt"/>
        <line num="20" count="24" type="stmt"/>
        <line num="22" count="120" type="stmt"/>
        <line num="23" count="120" type="stmt"/>
        <line num="24" count="120" type="stmt"/>
        <line num="26" count="120" type="stmt"/>
        <line num="34" count="24" type="stmt"/>
        <line num="35" count="24" type="stmt"/>
        <line num="36" count="24" type="stmt"/>
        <line num="38" count="24" type="stmt"/>
        <line num="39" count="0" type="cond" truecount="0" falsecount="2"/>
        <line num="40" count="0" type="stmt"/>
        <line num="41" count="0" type="stmt"/>
        <line num="42" count="0" type="stmt"/>
        <line num="43" count="0" type="stmt"/>
        <line num="45" count="0" type="stmt"/>
        <line num="46" count="0" type="stmt"/>
        <line num="47" count="0" type="stmt"/>
        <line num="50" count="24" type="stmt"/>
        <line num="52" count="0" type="stmt"/>
        <line num="53" count="0" type="stmt"/>
        <line num="54" count="0" type="stmt"/>
        <line num="57" count="24" type="stmt"/>
        <line num="58" count="0" type="stmt"/>
        <line num="59" count="0" type="stmt"/>
        <line num="63" count="24" type="stmt"/>
        <line num="64" count="24" type="stmt"/>
        <line num="65" count="24" type="cond" truecount="1" falsecount="1"/>
        <line num="67" count="24" type="stmt"/>
        <line num="68" count="24" type="cond" truecount="1" falsecount="1"/>
        <line num="70" count="24" type="stmt"/>
        <line num="71" count="24" type="stmt"/>
        <line num="74" count="24" type="stmt"/>
        <line num="77" count="24" type="stmt"/>
        <line num="78" count="24" type="stmt"/>
        <line num="79" count="24" type="stmt"/>
        <line num="80" count="24" type="stmt"/>
        <line num="81" count="24" type="stmt"/>
        <line num="82" count="24" type="stmt"/>
        <line num="83" count="24" type="stmt"/>
        <line num="87" count="24" type="stmt"/>
        <line num="88" count="5" type="stmt"/>
        <line num="95" count="24" type="stmt"/>
        <line num="96" count="3" type="stmt"/>
        <line num="101" count="3" type="stmt"/>
        <line num="105" count="24" type="stmt"/>
        <line num="106" count="1" type="stmt"/>
        <line num="110" count="24" type="stmt"/>
        <line num="111" count="24" type="stmt"/>
        <line num="112" count="24" type="stmt"/>
        <line num="113" count="72" type="stmt"/>
        <line num="114" count="24" type="stmt"/>
        <line num="117" count="24" type="stmt"/>
        <line num="118" count="0" type="stmt"/>
        <line num="119" count="0" type="stmt"/>
        <line num="122" count="24" type="stmt"/>
        <line num="182" count="0" type="stmt"/>
        <line num="183" count="0" type="stmt"/>
        <line num="219" count="3" type="stmt"/>
        <line num="237" count="1" type="stmt"/>
        <line num="255" count="1" type="stmt"/>
        <line num="266" count="1" type="stmt"/>
        <line num="273" count="1" type="stmt"/>
        <line num="280" count="1" type="stmt"/>
        <line num="308" count="1" type="stmt"/>
      </file>
    </package>
    <package name="CienciasNaturales.WaterCycle">
      <metrics statements="53" coveredstatements="35" conditionals="47" coveredconditionals="28" methods="25" coveredmethods="12"/>
      <file name="WaterCycle.tsx" path="C:\Users\jenni\OneDrive\Documentos\Integracion_ContinuaTF\src\components\CienciasNaturales\WaterCycle\WaterCycle.tsx">
        <metrics statements="53" coveredstatements="35" conditionals="47" coveredconditionals="28" methods="25" coveredmethods="12"/>
        <line num="1" count="1" type="stmt"/>
        <line num="12" count="1" type="stmt"/>
        <line num="51" count="1" type="stmt"/>
        <line num="52" count="45" type="stmt"/>
        <line num="53" count="45" type="stmt"/>
        <line num="54" count="45" type="stmt"/>
        <line num="56" count="45" type="stmt"/>
        <line num="57" count="45" type="stmt"/>
        <line num="58" count="45" type="stmt"/>
        <line num="60" count="45" type="stmt"/>
        <line num="67" count="45" type="stmt"/>
        <line num="68" count="28" type="cond" truecount="2" falsecount="0"/>
        <line num="70" count="4" type="stmt"/>
        <line num="71" count="0" type="stmt"/>
        <line num="72" count="0" type="cond" truecount="0" falsecount="2"/>
        <line num="73" count="0" type="stmt"/>
        <line num="74" count="0" type="stmt"/>
        <line num="76" count="0" type="stmt"/>
        <line num="80" count="4" type="stmt"/>
        <line num="84" count="45" type="stmt"/>
        <line num="85" count="28" type="cond" truecount="2" falsecount="0"/>
        <line num="86" count="4" type="stmt"/>
        <line num="91" count="45" type="stmt"/>
        <line num="92" count="4" type="stmt"/>
        <line num="93" count="4" type="stmt"/>
        <line num="97" count="45" type="stmt"/>
        <line num="98" count="1" type="stmt"/>
        <line num="99" count="1" type="stmt"/>
        <line num="103" count="45" type="stmt"/>
        <line num="104" count="13" type="cond" truecount="1" falsecount="1"/>
        <line num="105" count="13" type="stmt"/>
        <line num="110" count="45" type="stmt"/>
        <line num="111" count="0" type="cond" truecount="0" falsecount="4"/>
        <line num="112" count="0" type="stmt"/>
        <line num="113" count="0" type="stmt"/>
        <line num="117" count="45" type="stmt"/>
        <line num="118" count="0" type="stmt"/>
        <line num="119" count="0" type="stmt"/>
        <line num="120" count="0" type="cond" truecount="0" falsecount="2"/>
        <line num="122" count="0" type="stmt"/>
        <line num="126" count="45" type="stmt"/>
        <line num="127" count="120" type="cond" truecount="1" falsecount="1"/>
        <line num="130" count="45" type="stmt"/>
        <line num="178" count="180" type="stmt"/>
        <line num="180" count="13" type="stmt"/>
        <line num="181" count="0" type="stmt"/>
        <line num="271" count="0" type="stmt"/>
        <line num="275" count="0" type="stmt"/>
        <line num="279" count="0" type="cond" truecount="0" falsecount="2"/>
        <line num="287" count="0" type="stmt"/>
        <line num="306" count="180" type="stmt"/>
        <line num="308" count="0" type="stmt"/>
        <line num="354" count="1" type="stmt"/>
      </file>
    </package>
    <package name="Matematicas.MultiplicationTable">
      <metrics statements="91" coveredstatements="74" conditionals="36" coveredconditionals="25" methods="29" coveredmethods="25"/>
      <file name="MultiplicationTable.tsx" path="C:\Users\jenni\OneDrive\Documentos\Integracion_ContinuaTF\src\components\Matematicas\MultiplicationTable\MultiplicationTable.tsx">
        <metrics statements="91" coveredstatements="74" conditionals="36" coveredconditionals="25" methods="29" coveredmethods="25"/>
        <line num="1" count="1" type="stmt"/>
        <line num="11" count="1" type="stmt"/>
        <line num="12" count="127" type="stmt"/>
        <line num="13" count="127" type="stmt"/>
        <line num="14" count="127" type="stmt"/>
        <line num="15" count="127" type="stmt"/>
        <line num="16" count="127" type="stmt"/>
        <line num="17" count="127" type="stmt"/>
        <line num="18" count="127" type="stmt"/>
        <line num="19" count="127" type="stmt"/>
        <line num="20" count="127" type="stmt"/>
        <line num="23" count="127" type="stmt"/>
        <line num="24" count="15" type="cond" truecount="1" falsecount="1"/>
        <line num="26" count="15" type="stmt"/>
        <line num="27" count="150" type="stmt"/>
        <line num="28" count="150" type="stmt"/>
        <line num="29" count="150" type="stmt"/>
        <line num="30" count="150" type="stmt"/>
        <line num="31" count="150" type="cond" truecount="1" falsecount="1"/>
        <line num="32" count="150" type="stmt"/>
        <line num="33" count="150" type="stmt"/>
        <line num="34" count="0" type="cond" truecount="0" falsecount="2"/>
        <line num="35" count="0" type="stmt"/>
        <line num="36" count="0" type="stmt"/>
        <line num="37" count="0" type="cond" truecount="0" falsecount="2"/>
        <line num="38" count="0" type="stmt"/>
        <line num="39" count="0" type="stmt"/>
        <line num="42" count="0" type="stmt"/>
        <line num="43" count="0" type="stmt"/>
        <line num="44" count="0" type="stmt"/>
        <line num="47" count="150" type="stmt"/>
        <line num="56" count="15" type="cond" truecount="1" falsecount="1"/>
        <line num="57" count="0" type="stmt"/>
        <line num="58" count="0" type="stmt"/>
        <line num="59" count="0" type="stmt"/>
        <line num="63" count="15" type="stmt"/>
        <line num="67" count="127" type="stmt"/>
        <line num="68" count="14" type="stmt"/>
        <line num="69" count="14" type="stmt"/>
        <line num="70" count="14" type="stmt"/>
        <line num="71" count="14" type="stmt"/>
        <line num="75" count="127" type="stmt"/>
        <line num="76" count="45" type="stmt"/>
        <line num="77" count="45" type="stmt"/>
        <line num="78" count="45" type="stmt"/>
        <line num="80" count="45" type="stmt"/>
        <line num="81" count="45" type="stmt"/>
        <line num="86" count="45" type="stmt"/>
        <line num="88" count="45" type="cond" truecount="2" falsecount="0"/>
        <line num="89" count="43" type="stmt"/>
        <line num="91" count="43" type="stmt"/>
        <line num="93" count="516" type="stmt"/>
        <line num="94" count="43" type="stmt"/>
        <line num="95" count="43" type="stmt"/>
        <line num="98" count="2" type="stmt"/>
        <line num="99" count="2" type="stmt"/>
        <line num="102" count="45" type="stmt"/>
        <line num="106" count="127" type="stmt"/>
        <line num="107" count="46" type="stmt"/>
        <line num="108" count="46" type="stmt"/>
        <line num="112" count="46" type="stmt"/>
        <line num="116" count="127" type="stmt"/>
        <line num="117" count="1" type="stmt"/>
        <line num="118" count="1" type="cond" truecount="1" falsecount="1"/>
        <line num="120" count="1" type="stmt"/>
        <line num="121" count="1" type="stmt"/>
        <line num="122" count="1" type="stmt"/>
        <line num="126" count="0" type="stmt"/>
        <line num="127" count="0" type="stmt"/>
        <line num="128" count="0" type="stmt"/>
        <line num="129" count="0" type="stmt"/>
        <line num="134" count="127" type="stmt"/>
        <line num="136" count="1060" type="stmt"/>
        <line num="138" count="1060" type="cond" truecount="2" falsecount="0"/>
        <line num="139" count="655" type="stmt"/>
        <line num="141" count="405" type="cond" truecount="2" falsecount="0"/>
        <line num="142" count="403" type="stmt"/>
        <line num="144" count="2" type="stmt"/>
        <line num="147" count="127" type="stmt"/>
        <line num="169" count="2" type="stmt"/>
        <line num="173" count="210" type="stmt"/>
        <line num="174" count="210" type="stmt"/>
        <line num="214" count="210" type="stmt"/>
        <line num="236" count="0" type="stmt"/>
        <line num="244" count="1060" type="stmt"/>
        <line num="256" count="46" type="stmt"/>
        <line num="265" count="45" type="stmt"/>
        <line num="295" count="4956" type="stmt"/>
        <line num="304" count="1" type="stmt"/>
        <line num="311" count="1" type="stmt"/>
        <line num="334" count="1" type="stmt"/>
      </file>
    </package>
  </project>
</coverage>
