<?xml version="1.0" encoding="UTF-8"?>
<coverage generated="1762494785997" clover="3.2.0">
  <project timestamp="1762494785997" name="All files">
    <metrics statements="140" coveredstatements="127" conditionals="49" coveredconditionals="39" methods="49" coveredmethods="45" elements="238" coveredelements="211" complexity="0" loc="140" ncloc="140" packages="3" files="3" classes="3"/>
    <package name="Arte.ColorMixer">
      <metrics statements="44" coveredstatements="44" conditionals="4" coveredconditionals="2" methods="15" coveredmethods="15"/>
      <file name="ColorMixer.tsx" path="C:\Users\Sebastian\Desktop\integracion_continuaTF\src\components\Arte\ColorMixer\ColorMixer.tsx">
        <metrics statements="44" coveredstatements="44" conditionals="4" coveredconditionals="2" methods="15" coveredmethods="15"/>
        <line num="1" count="1" type="stmt"/>
        <line num="9" count="1" type="stmt"/>
        <line num="10" count="24" type="stmt"/>
        <line num="16" count="24" type="stmt"/>
        <line num="19" count="24" type="stmt"/>
        <line num="21" count="120" type="stmt"/>
        <line num="22" count="120" type="stmt"/>
        <line num="23" count="120" type="stmt"/>
        <line num="25" count="120" type="stmt"/>
        <line num="33" count="24" type="stmt"/>
        <line num="34" count="24" type="stmt"/>
        <line num="35" count="24" type="cond" truecount="1" falsecount="1"/>
        <line num="37" count="24" type="stmt"/>
        <line num="38" count="24" type="cond" truecount="1" falsecount="1"/>
        <line num="40" count="24" type="stmt"/>
        <line num="41" count="24" type="stmt"/>
        <line num="44" count="24" type="stmt"/>
        <line num="47" count="24" type="stmt"/>
        <line num="48" count="24" type="stmt"/>
        <line num="49" count="24" type="stmt"/>
        <line num="50" count="24" type="stmt"/>
        <line num="51" count="24" type="stmt"/>
        <line num="52" count="24" type="stmt"/>
        <line num="53" count="24" type="stmt"/>
        <line num="57" count="24" type="stmt"/>
        <line num="58" count="5" type="stmt"/>
        <line num="65" count="24" type="stmt"/>
        <line num="66" count="3" type="stmt"/>
        <line num="71" count="3" type="stmt"/>
        <line num="75" count="24" type="stmt"/>
        <line num="76" count="1" type="stmt"/>
        <line num="80" count="24" type="stmt"/>
        <line num="81" count="24" type="stmt"/>
        <line num="82" count="24" type="stmt"/>
        <line num="83" count="72" type="stmt"/>
        <line num="84" count="24" type="stmt"/>
        <line num="87" count="24" type="stmt"/>
        <line num="133" count="3" type="stmt"/>
        <line num="150" count="1" type="stmt"/>
        <line num="167" count="1" type="stmt"/>
        <line num="177" count="1" type="stmt"/>
        <line num="184" count="1" type="stmt"/>
        <line num="191" count="1" type="stmt"/>
        <line num="219" count="1" type="stmt"/>
      </file>
    </package>
    <package name="CienciasNaturales.WaterCycle">
      <metrics statements="35" coveredstatements="29" conditionals="23" coveredconditionals="19" methods="15" coveredmethods="12"/>
      <file name="WaterCycle.tsx" path="C:\Users\Sebastian\Desktop\integracion_continuaTF\src\components\CienciasNaturales\WaterCycle\WaterCycle.tsx">
        <metrics statements="35" coveredstatements="29" conditionals="23" coveredconditionals="19" methods="15" coveredmethods="12"/>
        <line num="1" count="1" type="stmt"/>
        <line num="12" count="1" type="stmt"/>
        <line num="51" count="1" type="stmt"/>
        <line num="52" count="45" type="stmt"/>
        <line num="53" count="45" type="stmt"/>
        <line num="54" count="45" type="stmt"/>
        <line num="57" count="45" type="stmt"/>
        <line num="58" count="28" type="cond" truecount="2" falsecount="0"/>
        <line num="60" count="4" type="stmt"/>
        <line num="61" count="0" type="stmt"/>
        <line num="62" count="0" type="cond" truecount="0" falsecount="2"/>
        <line num="63" count="0" type="stmt"/>
        <line num="64" count="0" type="stmt"/>
        <line num="66" count="0" type="stmt"/>
        <line num="70" count="4" type="stmt"/>
        <line num="74" count="45" type="stmt"/>
        <line num="75" count="28" type="cond" truecount="2" falsecount="0"/>
        <line num="76" count="4" type="stmt"/>
        <line num="81" count="45" type="stmt"/>
        <line num="82" count="4" type="stmt"/>
        <line num="83" count="4" type="stmt"/>
        <line num="87" count="45" type="stmt"/>
        <line num="88" count="1" type="stmt"/>
        <line num="89" count="1" type="stmt"/>
        <line num="93" count="45" type="stmt"/>
        <line num="94" count="13" type="cond" truecount="1" falsecount="1"/>
        <line num="95" count="13" type="stmt"/>
        <line num="100" count="45" type="stmt"/>
        <line num="101" count="120" type="cond" truecount="1" falsecount="1"/>
        <line num="104" count="45" type="stmt"/>
        <line num="148" count="180" type="stmt"/>
        <line num="150" count="13" type="stmt"/>
        <line num="241" count="180" type="stmt"/>
        <line num="243" count="0" type="stmt"/>
        <line num="289" count="1" type="stmt"/>
      </file>
    </package>
    <package name="Matematicas.MultiplicationTable">
      <metrics statements="61" coveredstatements="54" conditionals="22" coveredconditionals="18" methods="19" coveredmethods="18"/>
      <file name="MultiplicationTable.tsx" path="C:\Users\Sebastian\Desktop\integracion_continuaTF\src\components\Matematicas\MultiplicationTable\MultiplicationTable.tsx">
        <metrics statements="61" coveredstatements="54" conditionals="22" coveredconditionals="18" methods="19" coveredmethods="18"/>
        <line num="1" count="1" type="stmt"/>
        <line num="11" count="1" type="stmt"/>
        <line num="12" count="127" type="stmt"/>
        <line num="13" count="127" type="stmt"/>
        <line num="14" count="127" type="stmt"/>
        <line num="15" count="127" type="stmt"/>
        <line num="16" count="127" type="stmt"/>
        <line num="19" count="127" type="stmt"/>
        <line num="20" count="15" type="stmt"/>
        <line num="21" count="150" type="stmt"/>
        <line num="22" count="150" type="stmt"/>
        <line num="33" count="127" type="stmt"/>
        <line num="34" count="14" type="stmt"/>
        <line num="35" count="14" type="stmt"/>
        <line num="36" count="14" type="stmt"/>
        <line num="37" count="14" type="stmt"/>
        <line num="41" count="127" type="stmt"/>
        <line num="42" count="45" type="stmt"/>
        <line num="43" count="45" type="stmt"/>
        <line num="44" count="45" type="stmt"/>
        <line num="46" count="45" type="stmt"/>
        <line num="47" count="45" type="stmt"/>
        <line num="52" count="45" type="stmt"/>
        <line num="54" count="45" type="cond" truecount="2" falsecount="0"/>
        <line num="55" count="43" type="stmt"/>
        <line num="58" count="2" type="stmt"/>
        <line num="59" count="0" type="stmt"/>
        <line num="60" count="0" type="stmt"/>
        <line num="64" count="0" type="stmt"/>
        <line num="68" count="45" type="stmt"/>
        <line num="72" count="127" type="stmt"/>
        <line num="73" count="46" type="stmt"/>
        <line num="74" count="46" type="stmt"/>
        <line num="78" count="46" type="stmt"/>
        <line num="82" count="127" type="stmt"/>
        <line num="83" count="1" type="stmt"/>
        <line num="84" count="1" type="cond" truecount="1" falsecount="1"/>
        <line num="86" count="1" type="stmt"/>
        <line num="87" count="1" type="stmt"/>
        <line num="88" count="1" type="stmt"/>
        <line num="92" count="0" type="stmt"/>
        <line num="93" count="0" type="stmt"/>
        <line num="94" count="0" type="stmt"/>
        <line num="95" count="0" type="stmt"/>
        <line num="100" count="127" type="stmt"/>
        <line num="102" count="1060" type="stmt"/>
        <line num="104" count="1060" type="cond" truecount="2" falsecount="0"/>
        <line num="105" count="655" type="stmt"/>
        <line num="107" count="405" type="cond" truecount="2" falsecount="0"/>
        <line num="108" count="403" type="stmt"/>
        <line num="110" count="2" type="stmt"/>
        <line num="113" count="127" type="stmt"/>
        <line num="135" count="2" type="stmt"/>
        <line num="139" count="210" type="stmt"/>
        <line num="140" count="210" type="stmt"/>
        <line num="182" count="1060" type="stmt"/>
        <line num="194" count="46" type="stmt"/>
        <line num="203" count="45" type="stmt"/>
        <line num="233" count="1" type="stmt"/>
        <line num="240" count="1" type="stmt"/>
        <line num="263" count="1" type="stmt"/>
      </file>
    </package>
  </project>
</coverage>
