{"C:\\Users\\jenni\\OneDrive\\Documentos\\Integracion_ContinuaTF\\src\\components\\Arte\\ColorMixer\\ColorMixer.tsx": {"path":"C:\\Users\\jenni\\OneDrive\\Documentos\\Integracion_ContinuaTF\\src\\components\\Arte\\ColorMixer\\ColorMixer.tsx","statementMap":{"0":{"start":{"line":1,"column":0},"end":{"line":1,"column":59}},"1":{"start":{"line":2,"column":0},"end":{"line":2,"column":47}},"2":{"start":{"line":10,"column":29},"end":{"line":306,"column":1}},"3":{"start":{"line":11,"column":30},"end":{"line":15,"column":4}},"4":{"start":{"line":17,"column":20},"end":{"line":17,"column":51}},"5":{"start":{"line":20,"column":24},"end":{"line":31,"column":3}},"6":{"start":{"line":22,"column":14},"end":{"line":22,"column":24}},"7":{"start":{"line":23,"column":14},"end":{"line":23,"column":27}},"8":{"start":{"line":24,"column":14},"end":{"line":24,"column":25}},"9":{"start":{"line":26,"column":4},"end":{"line":30,"column":6}},"10":{"start":{"line":34,"column":44},"end":{"line":34,"column":59}},"11":{"start":{"line":35,"column":40},"end":{"line":35,"column":98}},"12":{"start":{"line":36,"column":28},"end":{"line":36,"column":43}},"13":{"start":{"line":38,"column":27},"end":{"line":48,"column":3}},"14":{"start":{"line":39,"column":4},"end":{"line":39,"column":33}},"15":{"start":{"line":39,"column":22},"end":{"line":39,"column":33}},"16":{"start":{"line":40,"column":14},"end":{"line":40,"column":29}},"17":{"start":{"line":41,"column":15},"end":{"line":41,"column":34}},"18":{"start":{"line":42,"column":15},"end":{"line":42,"column":34}},"19":{"start":{"line":43,"column":15},"end":{"line":43,"column":34}},"20":{"start":{"line":45,"column":20},"end":{"line":45,"column":44}},"21":{"start":{"line":46,"column":17},"end":{"line":46,"column":55}},"22":{"start":{"line":47,"column":4},"end":{"line":47,"column":63}},"23":{"start":{"line":50,"column":25},"end":{"line":55,"column":3}},"24":{"start":{"line":52,"column":17},"end":{"line":52,"column":135}},"25":{"start":{"line":52,"column":24},"end":{"line":52,"column":134}},"26":{"start":{"line":53,"column":4},"end":{"line":53,"column":27}},"27":{"start":{"line":54,"column":4},"end":{"line":54,"column":27}},"28":{"start":{"line":57,"column":24},"end":{"line":60,"column":3}},"29":{"start":{"line":58,"column":4},"end":{"line":58,"column":25}},"30":{"start":{"line":59,"column":4},"end":{"line":59,"column":28}},"31":{"start":{"line":63,"column":2},"end":{"line":84,"column":15}},"32":{"start":{"line":64,"column":19},"end":{"line":64,"column":36}},"33":{"start":{"line":65,"column":4},"end":{"line":65,"column":24}},"34":{"start":{"line":65,"column":17},"end":{"line":65,"column":24}},"35":{"start":{"line":67,"column":16},"end":{"line":67,"column":39}},"36":{"start":{"line":68,"column":4},"end":{"line":68,"column":21}},"37":{"start":{"line":68,"column":14},"end":{"line":68,"column":21}},"38":{"start":{"line":70,"column":23},"end":{"line":70,"column":38}},"39":{"start":{"line":71,"column":22},"end":{"line":71,"column":114}},"40":{"start":{"line":74,"column":4},"end":{"line":74,"column":53}},"41":{"start":{"line":77,"column":4},"end":{"line":77,"column":20}},"42":{"start":{"line":78,"column":4},"end":{"line":78,"column":43}},"43":{"start":{"line":79,"column":4},"end":{"line":79,"column":30}},"44":{"start":{"line":80,"column":4},"end":{"line":80,"column":15}},"45":{"start":{"line":81,"column":4},"end":{"line":81,"column":29}},"46":{"start":{"line":82,"column":4},"end":{"line":82,"column":22}},"47":{"start":{"line":83,"column":4},"end":{"line":83,"column":17}},"48":{"start":{"line":87,"column":28},"end":{"line":92,"column":3}},"49":{"start":{"line":88,"column":4},"end":{"line":91,"column":8}},"50":{"start":{"line":88,"column":25},"end":{"line":91,"column":6}},"51":{"start":{"line":95,"column":22},"end":{"line":102,"column":3}},"52":{"start":{"line":96,"column":20},"end":{"line":100,"column":6}},"53":{"start":{"line":101,"column":4},"end":{"line":101,"column":31}},"54":{"start":{"line":105,"column":22},"end":{"line":107,"column":3}},"55":{"start":{"line":106,"column":4},"end":{"line":106,"column":46}},"56":{"start":{"line":110,"column":22},"end":{"line":115,"column":3}},"57":{"start":{"line":111,"column":23},"end":{"line":111,"column":38}},"58":{"start":{"line":112,"column":18},"end":{"line":113,"column":63}},"59":{"start":{"line":113,"column":6},"end":{"line":113,"column":63}},"60":{"start":{"line":114,"column":4},"end":{"line":114,"column":81}},"61":{"start":{"line":117,"column":29},"end":{"line":120,"column":3}},"62":{"start":{"line":118,"column":18},"end":{"line":118,"column":90}},"63":{"start":{"line":118,"column":33},"end":{"line":118,"column":90}},"64":{"start":{"line":119,"column":4},"end":{"line":119,"column":54}},"65":{"start":{"line":122,"column":2},"end":{"line":305,"column":4}},"66":{"start":{"line":182,"column":39},"end":{"line":182,"column":85}},"67":{"start":{"line":183,"column":39},"end":{"line":183,"column":81}},"68":{"start":{"line":183,"column":82},"end":{"line":183,"column":97}},"69":{"start":{"line":183,"column":98},"end":{"line":183,"column":137}},"70":{"start":{"line":183,"column":115},"end":{"line":183,"column":130}},"71":{"start":{"line":219,"column":33},"end":{"line":219,"column":82}},"72":{"start":{"line":219,"column":83},"end":{"line":219,"column":98}},"73":{"start":{"line":219,"column":99},"end":{"line":219,"column":138}},"74":{"start":{"line":219,"column":116},"end":{"line":219,"column":131}},"75":{"start":{"line":237,"column":33},"end":{"line":237,"column":85}},"76":{"start":{"line":237,"column":86},"end":{"line":237,"column":101}},"77":{"start":{"line":237,"column":102},"end":{"line":237,"column":141}},"78":{"start":{"line":237,"column":119},"end":{"line":237,"column":134}},"79":{"start":{"line":255,"column":33},"end":{"line":255,"column":83}},"80":{"start":{"line":255,"column":84},"end":{"line":255,"column":99}},"81":{"start":{"line":255,"column":100},"end":{"line":255,"column":139}},"82":{"start":{"line":255,"column":117},"end":{"line":255,"column":132}},"83":{"start":{"line":266,"column":27},"end":{"line":266,"column":47}},"84":{"start":{"line":273,"column":27},"end":{"line":273,"column":48}},"85":{"start":{"line":280,"column":27},"end":{"line":280,"column":48}},"86":{"start":{"line":308,"column":0},"end":{"line":308,"column":26}}},"fnMap":{"0":{"name":"(anonymous_10)","decl":{"start":{"line":10,"column":29},"end":{"line":10,"column":32}},"loc":{"start":{"line":10,"column":34},"end":{"line":306,"column":1}}},"1":{"name":"(anonymous_11)","decl":{"start":{"line":20,"column":24},"end":{"line":20,"column":64}},"loc":{"start":{"line":20,"column":66},"end":{"line":31,"column":3}}},"2":{"name":"(anonymous_12)","decl":{"start":{"line":38,"column":27},"end":{"line":38,"column":30}},"loc":{"start":{"line":38,"column":32},"end":{"line":48,"column":3}}},"3":{"name":"(anonymous_13)","decl":{"start":{"line":50,"column":25},"end":{"line":50,"column":28}},"loc":{"start":{"line":50,"column":30},"end":{"line":55,"column":3}}},"4":{"name":"(anonymous_14)","decl":{"start":{"line":52,"column":17},"end":{"line":52,"column":20}},"loc":{"start":{"line":52,"column":24},"end":{"line":52,"column":134}}},"5":{"name":"(anonymous_15)","decl":{"start":{"line":57,"column":24},"end":{"line":57,"column":27}},"loc":{"start":{"line":57,"column":29},"end":{"line":60,"column":3}}},"6":{"name":"(anonymous_16)","decl":{"start":{"line":63,"column":12},"end":{"line":63,"column":15}},"loc":{"start":{"line":63,"column":17},"end":{"line":84,"column":3}}},"7":{"name":"(anonymous_17)","decl":{"start":{"line":87,"column":28},"end":{"line":87,"column":29}},"loc":{"start":{"line":87,"column":72},"end":{"line":92,"column":3}}},"8":{"name":"(anonymous_18)","decl":{"start":{"line":88,"column":14},"end":{"line":88,"column":15}},"loc":{"start":{"line":88,"column":25},"end":{"line":91,"column":6}}},"9":{"name":"(anonymous_19)","decl":{"start":{"line":95,"column":22},"end":{"line":95,"column":23}},"loc":{"start":{"line":95,"column":64},"end":{"line":102,"column":3}}},"10":{"name":"(anonymous_20)","decl":{"start":{"line":105,"column":22},"end":{"line":105,"column":25}},"loc":{"start":{"line":105,"column":27},"end":{"line":107,"column":3}}},"11":{"name":"(anonymous_21)","decl":{"start":{"line":110,"column":22},"end":{"line":110,"column":33}},"loc":{"start":{"line":110,"column":35},"end":{"line":115,"column":3}}},"12":{"name":"(anonymous_22)","decl":{"start":{"line":112,"column":18},"end":{"line":112,"column":19}},"loc":{"start":{"line":113,"column":6},"end":{"line":113,"column":63}}},"13":{"name":"(anonymous_23)","decl":{"start":{"line":117,"column":29},"end":{"line":117,"column":30}},"loc":{"start":{"line":117,"column":72},"end":{"line":120,"column":3}}},"14":{"name":"(anonymous_24)","decl":{"start":{"line":118,"column":18},"end":{"line":118,"column":19}},"loc":{"start":{"line":118,"column":33},"end":{"line":118,"column":90}}},"15":{"name":"(anonymous_25)","decl":{"start":{"line":182,"column":31},"end":{"line":182,"column":34}},"loc":{"start":{"line":182,"column":36},"end":{"line":182,"column":87}}},"16":{"name":"(anonymous_26)","decl":{"start":{"line":183,"column":31},"end":{"line":183,"column":34}},"loc":{"start":{"line":183,"column":36},"end":{"line":183,"column":139}}},"17":{"name":"(anonymous_27)","decl":{"start":{"line":183,"column":109},"end":{"line":183,"column":112}},"loc":{"start":{"line":183,"column":115},"end":{"line":183,"column":130}}},"18":{"name":"(anonymous_28)","decl":{"start":{"line":219,"column":24},"end":{"line":219,"column":25}},"loc":{"start":{"line":219,"column":30},"end":{"line":219,"column":140}}},"19":{"name":"(anonymous_29)","decl":{"start":{"line":219,"column":110},"end":{"line":219,"column":113}},"loc":{"start":{"line":219,"column":116},"end":{"line":219,"column":131}}},"20":{"name":"(anonymous_30)","decl":{"start":{"line":237,"column":24},"end":{"line":237,"column":25}},"loc":{"start":{"line":237,"column":30},"end":{"line":237,"column":143}}},"21":{"name":"(anonymous_31)","decl":{"start":{"line":237,"column":113},"end":{"line":237,"column":116}},"loc":{"start":{"line":237,"column":119},"end":{"line":237,"column":134}}},"22":{"name":"(anonymous_32)","decl":{"start":{"line":255,"column":24},"end":{"line":255,"column":25}},"loc":{"start":{"line":255,"column":30},"end":{"line":255,"column":141}}},"23":{"name":"(anonymous_33)","decl":{"start":{"line":255,"column":111},"end":{"line":255,"column":114}},"loc":{"start":{"line":255,"column":117},"end":{"line":255,"column":132}}},"24":{"name":"(anonymous_34)","decl":{"start":{"line":266,"column":21},"end":{"line":266,"column":24}},"loc":{"start":{"line":266,"column":27},"end":{"line":266,"column":47}}},"25":{"name":"(anonymous_35)","decl":{"start":{"line":273,"column":21},"end":{"line":273,"column":24}},"loc":{"start":{"line":273,"column":27},"end":{"line":273,"column":48}}},"26":{"name":"(anonymous_36)","decl":{"start":{"line":280,"column":21},"end":{"line":280,"column":24}},"loc":{"start":{"line":280,"column":27},"end":{"line":280,"column":48}}}},"branchMap":{"0":{"loc":{"start":{"line":39,"column":4},"end":{"line":39,"column":33}},"type":"if","locations":[{"start":{"line":39,"column":4},"end":{"line":39,"column":33}},{"start":{},"end":{}}]},"1":{"loc":{"start":{"line":65,"column":4},"end":{"line":65,"column":24}},"type":"if","locations":[{"start":{"line":65,"column":4},"end":{"line":65,"column":24}},{"start":{},"end":{}}]},"2":{"loc":{"start":{"line":68,"column":4},"end":{"line":68,"column":21}},"type":"if","locations":[{"start":{"line":68,"column":4},"end":{"line":68,"column":21}},{"start":{},"end":{}}]},"3":{"loc":{"start":{"line":144,"column":119},"end":{"line":144,"column":172}},"type":"cond-expr","locations":[{"start":{"line":144,"column":127},"end":{"line":144,"column":158}},{"start":{"line":144,"column":161},"end":{"line":144,"column":172}}]},"4":{"loc":{"start":{"line":157,"column":45},"end":{"line":157,"column":152}},"type":"cond-expr","locations":[{"start":{"line":157,"column":61},"end":{"line":157,"column":101}},{"start":{"line":157,"column":104},"end":{"line":157,"column":152}}]},"5":{"loc":{"start":{"line":159,"column":13},"end":{"line":169,"column":null}},"type":"binary-expr","locations":[{"start":{"line":159,"column":13},"end":{"line":159,"column":26}},{"start":{"line":159,"column":30},"end":{"line":159,"column":41}},{"start":{"line":160,"column":14},"end":{"line":168,"column":null}}]},"6":{"loc":{"start":{"line":190,"column":11},"end":{"line":202,"column":null}},"type":"cond-expr","locations":[{"start":{"line":191,"column":12},"end":{"line":191,"column":125}},{"start":{"line":193,"column":12},"end":{"line":201,"column":null}}]}},"s":{"0":1,"1":1,"2":1,"3":24,"4":24,"5":24,"6":120,"7":120,"8":120,"9":120,"10":24,"11":24,"12":24,"13":24,"14":0,"15":0,"16":0,"17":0,"18":0,"19":0,"20":0,"21":0,"22":0,"23":24,"24":0,"25":0,"26":0,"27":0,"28":24,"29":0,"30":0,"31":24,"32":24,"33":24,"34":0,"35":24,"36":24,"37":0,"38":24,"39":24,"40":24,"41":24,"42":24,"43":24,"44":24,"45":24,"46":24,"47":24,"48":24,"49":5,"50":5,"51":24,"52":3,"53":3,"54":24,"55":1,"56":24,"57":24,"58":24,"59":72,"60":24,"61":24,"62":0,"63":0,"64":0,"65":24,"66":0,"67":0,"68":0,"69":0,"70":0,"71":3,"72":3,"73":3,"74":0,"75":1,"76":1,"77":1,"78":0,"79":1,"80":1,"81":1,"82":0,"83":1,"84":1,"85":1,"86":1},"f":{"0":24,"1":120,"2":0,"3":0,"4":0,"5":0,"6":24,"7":5,"8":5,"9":3,"10":1,"11":24,"12":72,"13":0,"14":0,"15":0,"16":0,"17":0,"18":3,"19":0,"20":1,"21":0,"22":1,"23":0,"24":1,"25":1,"26":1},"b":{"0":[0,0],"1":[0,24],"2":[0,24],"3":[6,18],"4":[0,24],"5":[24,0,0],"6":[24,0]}}
,"C:\\Users\\jenni\\OneDrive\\Documentos\\Integracion_ContinuaTF\\src\\components\\CienciasNaturales\\WaterCycle\\WaterCycle.tsx": {"path":"C:\\Users\\jenni\\OneDrive\\Documentos\\Integracion_ContinuaTF\\src\\components\\CienciasNaturales\\WaterCycle\\WaterCycle.tsx","statementMap":{"0":{"start":{"line":1,"column":0},"end":{"line":1,"column":51}},"1":{"start":{"line":12,"column":24},"end":{"line":49,"column":2}},"2":{"start":{"line":51,"column":29},"end":{"line":352,"column":1}},"3":{"start":{"line":52,"column":40},"end":{"line":52,"column":69}},"4":{"start":{"line":53,"column":36},"end":{"line":53,"column":60}},"5":{"start":{"line":54,"column":50},"end":{"line":54,"column":69}},"6":{"start":{"line":56,"column":34},"end":{"line":56,"column":49}},"7":{"start":{"line":57,"column":40},"end":{"line":57,"column":76}},"8":{"start":{"line":58,"column":38},"end":{"line":58,"column":67}},"9":{"start":{"line":60,"column":24},"end":{"line":64,"column":4}},"10":{"start":{"line":67,"column":2},"end":{"line":81,"column":18}},"11":{"start":{"line":68,"column":4},"end":{"line":68,"column":27}},"12":{"start":{"line":68,"column":20},"end":{"line":68,"column":27}},"13":{"start":{"line":70,"column":21},"end":{"line":78,"column":12}},"14":{"start":{"line":71,"column":6},"end":{"line":77,"column":9}},"15":{"start":{"line":72,"column":8},"end":{"line":75,"column":9}},"16":{"start":{"line":73,"column":10},"end":{"line":73,"column":30}},"17":{"start":{"line":74,"column":10},"end":{"line":74,"column":19}},"18":{"start":{"line":76,"column":8},"end":{"line":76,"column":24}},"19":{"start":{"line":80,"column":4},"end":{"line":80,"column":41}},"20":{"start":{"line":80,"column":17},"end":{"line":80,"column":40}},"21":{"start":{"line":84,"column":2},"end":{"line":88,"column":36}},"22":{"start":{"line":85,"column":4},"end":{"line":87,"column":5}},"23":{"start":{"line":86,"column":6},"end":{"line":86,"column":50}},"24":{"start":{"line":91,"column":24},"end":{"line":94,"column":3}},"25":{"start":{"line":92,"column":4},"end":{"line":92,"column":27}},"26":{"start":{"line":93,"column":4},"end":{"line":93,"column":23}},"27":{"start":{"line":97,"column":23},"end":{"line":100,"column":3}},"28":{"start":{"line":98,"column":4},"end":{"line":98,"column":24}},"29":{"start":{"line":99,"column":4},"end":{"line":99,"column":25}},"30":{"start":{"line":103,"column":22},"end":{"line":107,"column":3}},"31":{"start":{"line":104,"column":4},"end":{"line":106,"column":5}},"32":{"start":{"line":105,"column":6},"end":{"line":105,"column":30}},"33":{"start":{"line":110,"column":25},"end":{"line":115,"column":3}},"34":{"start":{"line":111,"column":4},"end":{"line":114,"column":5}},"35":{"start":{"line":112,"column":6},"end":{"line":112,"column":25}},"36":{"start":{"line":113,"column":6},"end":{"line":113,"column":27}},"37":{"start":{"line":117,"column":21},"end":{"line":123,"column":3}},"38":{"start":{"line":118,"column":18},"end":{"line":118,"column":19}},"39":{"start":{"line":119,"column":4},"end":{"line":121,"column":7}},"40":{"start":{"line":120,"column":6},"end":{"line":120,"column":45}},"41":{"start":{"line":120,"column":35},"end":{"line":120,"column":45}},"42":{"start":{"line":122,"column":4},"end":{"line":122,"column":27}},"43":{"start":{"line":126,"column":29},"end":{"line":128,"column":3}},"44":{"start":{"line":127,"column":4},"end":{"line":127,"column":68}},"45":{"start":{"line":127,"column":34},"end":{"line":127,"column":58}},"46":{"start":{"line":130,"column":2},"end":{"line":351,"column":4}},"47":{"start":{"line":178,"column":16},"end":{"line":179,"column":null}},"48":{"start":{"line":180,"column":33},"end":{"line":180,"column":54}},"49":{"start":{"line":181,"column":36},"end":{"line":181,"column":63}},"50":{"start":{"line":271,"column":41},"end":{"line":271,"column":58}},"51":{"start":{"line":275,"column":22},"end":{"line":275,"column":35}},"52":{"start":{"line":279,"column":28},"end":{"line":279,"column":46}},"53":{"start":{"line":279,"column":61},"end":{"line":279,"column":104}},"54":{"start":{"line":279,"column":84},"end":{"line":279,"column":102}},"55":{"start":{"line":287,"column":47},"end":{"line":287,"column":66}},"56":{"start":{"line":287,"column":67},"end":{"line":287,"column":87}},"57":{"start":{"line":287,"column":88},"end":{"line":287,"column":107}},"58":{"start":{"line":306,"column":12},"end":{"line":307,"column":null}},"59":{"start":{"line":308,"column":29},"end":{"line":308,"column":50}},"60":{"start":{"line":354,"column":0},"end":{"line":354,"column":26}}},"fnMap":{"0":{"name":"(anonymous_9)","decl":{"start":{"line":51,"column":29},"end":{"line":51,"column":32}},"loc":{"start":{"line":51,"column":34},"end":{"line":352,"column":1}}},"1":{"name":"(anonymous_10)","decl":{"start":{"line":67,"column":12},"end":{"line":67,"column":15}},"loc":{"start":{"line":67,"column":17},"end":{"line":81,"column":3}}},"2":{"name":"(anonymous_11)","decl":{"start":{"line":70,"column":33},"end":{"line":70,"column":36}},"loc":{"start":{"line":70,"column":38},"end":{"line":78,"column":5}}},"3":{"name":"(anonymous_12)","decl":{"start":{"line":71,"column":26},"end":{"line":71,"column":27}},"loc":{"start":{"line":71,"column":35},"end":{"line":77,"column":7}}},"4":{"name":"(anonymous_13)","decl":{"start":{"line":80,"column":11},"end":{"line":80,"column":14}},"loc":{"start":{"line":80,"column":17},"end":{"line":80,"column":40}}},"5":{"name":"(anonymous_14)","decl":{"start":{"line":84,"column":12},"end":{"line":84,"column":15}},"loc":{"start":{"line":84,"column":17},"end":{"line":88,"column":3}}},"6":{"name":"(anonymous_15)","decl":{"start":{"line":91,"column":24},"end":{"line":91,"column":27}},"loc":{"start":{"line":91,"column":29},"end":{"line":94,"column":3}}},"7":{"name":"(anonymous_16)","decl":{"start":{"line":97,"column":23},"end":{"line":97,"column":26}},"loc":{"start":{"line":97,"column":28},"end":{"line":100,"column":3}}},"8":{"name":"(anonymous_17)","decl":{"start":{"line":103,"column":22},"end":{"line":103,"column":23}},"loc":{"start":{"line":103,"column":42},"end":{"line":107,"column":3}}},"9":{"name":"(anonymous_18)","decl":{"start":{"line":110,"column":25},"end":{"line":110,"column":26}},"loc":{"start":{"line":110,"column":69},"end":{"line":115,"column":3}}},"10":{"name":"(anonymous_19)","decl":{"start":{"line":117,"column":21},"end":{"line":117,"column":24}},"loc":{"start":{"line":117,"column":26},"end":{"line":123,"column":3}}},"11":{"name":"(anonymous_20)","decl":{"start":{"line":119,"column":26},"end":{"line":119,"column":27}},"loc":{"start":{"line":119,"column":36},"end":{"line":121,"column":5}}},"12":{"name":"(anonymous_21)","decl":{"start":{"line":126,"column":29},"end":{"line":126,"column":46}},"loc":{"start":{"line":126,"column":48},"end":{"line":128,"column":3}}},"13":{"name":"(anonymous_22)","decl":{"start":{"line":127,"column":23},"end":{"line":127,"column":24}},"loc":{"start":{"line":127,"column":34},"end":{"line":127,"column":58}}},"14":{"name":"(anonymous_23)","decl":{"start":{"line":177,"column":26},"end":{"line":177,"column":27}},"loc":{"start":{"line":178,"column":16},"end":{"line":179,"column":null}}},"15":{"name":"(anonymous_24)","decl":{"start":{"line":180,"column":27},"end":{"line":180,"column":30}},"loc":{"start":{"line":180,"column":33},"end":{"line":180,"column":54}}},"16":{"name":"(anonymous_25)","decl":{"start":{"line":181,"column":29},"end":{"line":181,"column":30}},"loc":{"start":{"line":181,"column":36},"end":{"line":181,"column":63}}},"17":{"name":"(anonymous_26)","decl":{"start":{"line":271,"column":35},"end":{"line":271,"column":38}},"loc":{"start":{"line":271,"column":41},"end":{"line":271,"column":58}}},"18":{"name":"(anonymous_27)","decl":{"start":{"line":274,"column":39},"end":{"line":274,"column":40}},"loc":{"start":{"line":275,"column":22},"end":{"line":275,"column":35}}},"19":{"name":"(anonymous_28)","decl":{"start":{"line":278,"column":42},"end":{"line":278,"column":43}},"loc":{"start":{"line":279,"column":28},"end":{"line":279,"column":46}}},"20":{"name":"(anonymous_29)","decl":{"start":{"line":279,"column":55},"end":{"line":279,"column":58}},"loc":{"start":{"line":279,"column":61},"end":{"line":279,"column":104}}},"21":{"name":"(anonymous_30)","decl":{"start":{"line":279,"column":76},"end":{"line":279,"column":77}},"loc":{"start":{"line":279,"column":84},"end":{"line":279,"column":102}}},"22":{"name":"(anonymous_31)","decl":{"start":{"line":287,"column":39},"end":{"line":287,"column":42}},"loc":{"start":{"line":287,"column":44},"end":{"line":287,"column":109}}},"23":{"name":"(anonymous_32)","decl":{"start":{"line":305,"column":22},"end":{"line":305,"column":23}},"loc":{"start":{"line":306,"column":12},"end":{"line":307,"column":null}}},"24":{"name":"(anonymous_33)","decl":{"start":{"line":308,"column":23},"end":{"line":308,"column":26}},"loc":{"start":{"line":308,"column":29},"end":{"line":308,"column":50}}}},"branchMap":{"0":{"loc":{"start":{"line":68,"column":4},"end":{"line":68,"column":27}},"type":"if","locations":[{"start":{"line":68,"column":4},"end":{"line":68,"column":27}},{"start":{},"end":{}}]},"1":{"loc":{"start":{"line":72,"column":8},"end":{"line":75,"column":9}},"type":"if","locations":[{"start":{"line":72,"column":8},"end":{"line":75,"column":9}},{"start":{},"end":{}}]},"2":{"loc":{"start":{"line":85,"column":4},"end":{"line":87,"column":5}},"type":"if","locations":[{"start":{"line":85,"column":4},"end":{"line":87,"column":5}},{"start":{},"end":{}}]},"3":{"loc":{"start":{"line":104,"column":4},"end":{"line":106,"column":5}},"type":"if","locations":[{"start":{"line":104,"column":4},"end":{"line":106,"column":5}},{"start":{},"end":{}}]},"4":{"loc":{"start":{"line":111,"column":4},"end":{"line":114,"column":5}},"type":"if","locations":[{"start":{"line":111,"column":4},"end":{"line":114,"column":5}},{"start":{},"end":{}}]},"5":{"loc":{"start":{"line":111,"column":8},"end":{"line":111,"column":42}},"type":"binary-expr","locations":[{"start":{"line":111,"column":8},"end":{"line":111,"column":25}},{"start":{"line":111,"column":29},"end":{"line":111,"column":42}}]},"6":{"loc":{"start":{"line":120,"column":6},"end":{"line":120,"column":45}},"type":"if","locations":[{"start":{"line":120,"column":6},"end":{"line":120,"column":45}},{"start":{},"end":{}}]},"7":{"loc":{"start":{"line":127,"column":11},"end":{"line":127,"column":67}},"type":"binary-expr","locations":[{"start":{"line":127,"column":11},"end":{"line":127,"column":59}},{"start":{"line":127,"column":63},"end":{"line":127,"column":67}}]},"8":{"loc":{"start":{"line":152,"column":110},"end":{"line":152,"column":139}},"type":"cond-expr","locations":[{"start":{"line":152,"column":122},"end":{"line":152,"column":134}},{"start":{"line":152,"column":137},"end":{"line":152,"column":139}}]},"9":{"loc":{"start":{"line":186,"column":20},"end":{"line":188,"column":null}},"type":"cond-expr","locations":[{"start":{"line":187,"column":24},"end":{"line":187,"column":32}},{"start":{"line":188,"column":24},"end":{"line":188,"column":null}}]},"10":{"loc":{"start":{"line":189,"column":22},"end":{"line":189,"column":73}},"type":"cond-expr","locations":[{"start":{"line":189,"column":34},"end":{"line":189,"column":54}},{"start":{"line":189,"column":57},"end":{"line":189,"column":73}}]},"11":{"loc":{"start":{"line":189,"column":77},"end":{"line":189,"column":168}},"type":"cond-expr","locations":[{"start":{"line":189,"column":106},"end":{"line":189,"column":118}},{"start":{"line":189,"column":121},"end":{"line":189,"column":168}}]},"12":{"loc":{"start":{"line":189,"column":121},"end":{"line":189,"column":168}},"type":"cond-expr","locations":[{"start":{"line":189,"column":151},"end":{"line":189,"column":163}},{"start":{"line":189,"column":166},"end":{"line":189,"column":168}}]},"13":{"loc":{"start":{"line":198,"column":47},"end":{"line":198,"column":96}},"type":"cond-expr","locations":[{"start":{"line":198,"column":78},"end":{"line":198,"column":91}},{"start":{"line":198,"column":94},"end":{"line":198,"column":96}}]},"14":{"loc":{"start":{"line":203,"column":15},"end":{"line":212,"column":null}},"type":"binary-expr","locations":[{"start":{"line":203,"column":15},"end":{"line":203,"column":24}},{"start":{"line":203,"column":28},"end":{"line":203,"column":64}},{"start":{"line":204,"column":16},"end":{"line":211,"column":null}}]},"15":{"loc":{"start":{"line":216,"column":15},"end":{"line":224,"column":null}},"type":"binary-expr","locations":[{"start":{"line":216,"column":15},"end":{"line":216,"column":24}},{"start":{"line":217,"column":16},"end":{"line":223,"column":null}}]},"16":{"loc":{"start":{"line":232,"column":15},"end":{"line":265,"column":null}},"type":"cond-expr","locations":[{"start":{"line":233,"column":16},"end":{"line":257,"column":null}},{"start":{"line":260,"column":16},"end":{"line":264,"column":null}}]},"17":{"loc":{"start":{"line":270,"column":17},"end":{"line":296,"column":null}},"type":"cond-expr","locations":[{"start":{"line":271,"column":18},"end":{"line":271,"column":147}},{"start":{"line":273,"column":18},"end":{"line":295,"column":null}}]},"18":{"loc":{"start":{"line":279,"column":141},"end":{"line":279,"column":212}},"type":"cond-expr","locations":[{"start":{"line":279,"column":166},"end":{"line":279,"column":192}},{"start":{"line":279,"column":195},"end":{"line":279,"column":212}}]},"19":{"loc":{"start":{"line":290,"column":21},"end":{"line":294,"column":null}},"type":"binary-expr","locations":[{"start":{"line":290,"column":21},"end":{"line":290,"column":40}},{"start":{"line":291,"column":22},"end":{"line":293,"column":null}}]},"20":{"loc":{"start":{"line":291,"column":91},"end":{"line":291,"column":143}},"type":"cond-expr","locations":[{"start":{"line":291,"column":129},"end":{"line":291,"column":135}},{"start":{"line":291,"column":138},"end":{"line":291,"column":143}}]},"21":{"loc":{"start":{"line":292,"column":50},"end":{"line":292,"column":129}},"type":"cond-expr","locations":[{"start":{"line":292,"column":88},"end":{"line":292,"column":104}},{"start":{"line":292,"column":107},"end":{"line":292,"column":129}}]},"22":{"loc":{"start":{"line":311,"column":16},"end":{"line":313,"column":null}},"type":"cond-expr","locations":[{"start":{"line":312,"column":20},"end":{"line":312,"column":54}},{"start":{"line":313,"column":20},"end":{"line":313,"column":null}}]}},"s":{"0":1,"1":1,"2":1,"3":45,"4":45,"5":45,"6":45,"7":45,"8":45,"9":45,"10":45,"11":28,"12":24,"13":4,"14":0,"15":0,"16":0,"17":0,"18":0,"19":4,"20":4,"21":45,"22":28,"23":4,"24":45,"25":4,"26":4,"27":45,"28":1,"29":1,"30":45,"31":13,"32":13,"33":45,"34":0,"35":0,"36":0,"37":45,"38":0,"39":0,"40":0,"41":0,"42":0,"43":45,"44":68,"45":120,"46":45,"47":180,"48":13,"49":0,"50":0,"51":0,"52":0,"53":0,"54":0,"55":0,"56":0,"57":0,"58":180,"59":0,"60":1},"f":{"0":45,"1":28,"2":0,"3":0,"4":4,"5":28,"6":4,"7":1,"8":13,"9":0,"10":0,"11":0,"12":68,"13":120,"14":180,"15":13,"16":0,"17":0,"18":0,"19":0,"20":0,"21":0,"22":0,"23":180,"24":0},"b":{"0":[24,4],"1":[0,0],"2":[4,24],"3":[13,0],"4":[0,0],"5":[0,0],"6":[0,0],"7":[68,0],"8":[8,37],"9":[17,163],"10":[32,148],"11":[45,135],"12":[45,90],"13":[45,135],"14":[45,8,8],"15":[45,8],"16":[17,28],"17":[45,0],"18":[0,0],"19":[0,0],"20":[0,0],"21":[0,0],"22":[17,163]}}
,"C:\\Users\\jenni\\OneDrive\\Documentos\\Integracion_ContinuaTF\\src\\components\\Matematicas\\MultiplicationTable\\MultiplicationTable.tsx": {"path":"C:\\Users\\jenni\\OneDrive\\Documentos\\Integracion_ContinuaTF\\src\\components\\Matematicas\\MultiplicationTable\\MultiplicationTable.tsx","statementMap":{"0":{"start":{"line":1,"column":0},"end":{"line":1,"column":40}},"1":{"start":{"line":11,"column":38},"end":{"line":332,"column":1}},"2":{"start":{"line":12,"column":44},"end":{"line":12,"column":63}},"3":{"start":{"line":13,"column":36},"end":{"line":13,"column":65}},"4":{"start":{"line":14,"column":28},"end":{"line":14,"column":47}},"5":{"start":{"line":15,"column":44},"end":{"line":15,"column":63}},"6":{"start":{"line":16,"column":36},"end":{"line":16,"column":60}},"7":{"start":{"line":17,"column":38},"end":{"line":17,"column":62}},"8":{"start":{"line":18,"column":28},"end":{"line":18,"column":47}},"9":{"start":{"line":19,"column":46},"end":{"line":19,"column":110}},"10":{"start":{"line":20,"column":38},"end":{"line":20,"column":67}},"11":{"start":{"line":23,"column":28},"end":{"line":64,"column":3}},"12":{"start":{"line":24,"column":16},"end":{"line":24,"column":57}},"13":{"start":{"line":26,"column":17},"end":{"line":54,"column":6}},"14":{"start":{"line":27,"column":25},"end":{"line":27,"column":30}},"15":{"start":{"line":28,"column":17},"end":{"line":28,"column":60}},"16":{"start":{"line":29,"column":15},"end":{"line":29,"column":17}},"17":{"start":{"line":30,"column":16},"end":{"line":30,"column":17}},"18":{"start":{"line":31,"column":6},"end":{"line":45,"column":7}},"19":{"start":{"line":32,"column":8},"end":{"line":32,"column":40}},"20":{"start":{"line":33,"column":8},"end":{"line":33,"column":33}},"21":{"start":{"line":34,"column":13},"end":{"line":45,"column":7}},"22":{"start":{"line":35,"column":8},"end":{"line":35,"column":40}},"23":{"start":{"line":36,"column":8},"end":{"line":36,"column":33}},"24":{"start":{"line":37,"column":13},"end":{"line":45,"column":7}},"25":{"start":{"line":38,"column":8},"end":{"line":38,"column":40}},"26":{"start":{"line":39,"column":8},"end":{"line":39,"column":33}},"27":{"start":{"line":42,"column":18},"end":{"line":42,"column":36}},"28":{"start":{"line":43,"column":8},"end":{"line":43,"column":36}},"29":{"start":{"line":44,"column":8},"end":{"line":44,"column":29}},"30":{"start":{"line":47,"column":6},"end":{"line":53,"column":25}},"31":{"start":{"line":56,"column":4},"end":{"line":61,"column":5}},"32":{"start":{"line":57,"column":6},"end":{"line":60,"column":7}},"33":{"start":{"line":57,"column":19},"end":{"line":57,"column":34}},"34":{"start":{"line":58,"column":18},"end":{"line":58,"column":53}},"35":{"start":{"line":59,"column":8},"end":{"line":59,"column":48}},"36":{"start":{"line":63,"column":4},"end":{"line":63,"column":16}},"37":{"start":{"line":67,"column":24},"end":{"line":72,"column":3}},"38":{"start":{"line":68,"column":4},"end":{"line":68,"column":51}},"39":{"start":{"line":69,"column":4},"end":{"line":69,"column":16}},"40":{"start":{"line":70,"column":4},"end":{"line":70,"column":24}},"41":{"start":{"line":71,"column":4},"end":{"line":71,"column":23}},"42":{"start":{"line":75,"column":22},"end":{"line":103,"column":3}},"43":{"start":{"line":76,"column":21},"end":{"line":76,"column":37}},"44":{"start":{"line":77,"column":26},"end":{"line":77,"column":55}},"45":{"start":{"line":78,"column":22},"end":{"line":78,"column":55}},"46":{"start":{"line":80,"column":29},"end":{"line":80,"column":43}},"47":{"start":{"line":81,"column":4},"end":{"line":85,"column":6}},"48":{"start":{"line":86,"column":4},"end":{"line":86,"column":35}},"49":{"start":{"line":88,"column":4},"end":{"line":100,"column":5}},"50":{"start":{"line":89,"column":6},"end":{"line":89,"column":35}},"51":{"start":{"line":89,"column":25},"end":{"line":89,"column":33}},"52":{"start":{"line":91,"column":6},"end":{"line":91,"column":42}},"53":{"start":{"line":91,"column":22},"end":{"line":91,"column":40}},"54":{"start":{"line":93,"column":21},"end":{"line":93,"column":194}},"55":{"start":{"line":93,"column":59},"end":{"line":93,"column":192}},"56":{"start":{"line":94,"column":6},"end":{"line":94,"column":50}},"57":{"start":{"line":94,"column":31},"end":{"line":94,"column":48}},"58":{"start":{"line":95,"column":6},"end":{"line":95,"column":112}},"59":{"start":{"line":95,"column":23},"end":{"line":95,"column":104}},"60":{"start":{"line":95,"column":48},"end":{"line":95,"column":103}},"61":{"start":{"line":95,"column":65},"end":{"line":95,"column":102}},"62":{"start":{"line":95,"column":86},"end":{"line":95,"column":101}},"63":{"start":{"line":98,"column":6},"end":{"line":98,"column":27}},"64":{"start":{"line":99,"column":6},"end":{"line":99,"column":49}},"65":{"start":{"line":99,"column":23},"end":{"line":99,"column":42}},"66":{"start":{"line":102,"column":4},"end":{"line":102,"column":41}},"67":{"start":{"line":102,"column":31},"end":{"line":102,"column":39}},"68":{"start":{"line":106,"column":29},"end":{"line":113,"column":3}},"69":{"start":{"line":107,"column":29},"end":{"line":107,"column":43}},"70":{"start":{"line":108,"column":4},"end":{"line":111,"column":6}},"71":{"start":{"line":112,"column":4},"end":{"line":112,"column":35}},"72":{"start":{"line":116,"column":22},"end":{"line":131,"column":3}},"73":{"start":{"line":117,"column":4},"end":{"line":117,"column":28}},"74":{"start":{"line":118,"column":4},"end":{"line":130,"column":5}},"75":{"start":{"line":120,"column":6},"end":{"line":120,"column":45}},"76":{"start":{"line":121,"column":6},"end":{"line":121,"column":18}},"77":{"start":{"line":122,"column":6},"end":{"line":122,"column":26}},"78":{"start":{"line":126,"column":6},"end":{"line":126,"column":26}},"79":{"start":{"line":127,"column":6},"end":{"line":127,"column":23}},"80":{"start":{"line":128,"column":6},"end":{"line":128,"column":18}},"81":{"start":{"line":129,"column":6},"end":{"line":129,"column":26}},"82":{"start":{"line":134,"column":24},"end":{"line":145,"column":3}},"83":{"start":{"line":136,"column":6},"end":{"line":136,"column":104}},"84":{"start":{"line":138,"column":4},"end":{"line":140,"column":5}},"85":{"start":{"line":139,"column":6},"end":{"line":139,"column":64}},"86":{"start":{"line":141,"column":4},"end":{"line":143,"column":5}},"87":{"start":{"line":142,"column":6},"end":{"line":142,"column":57}},"88":{"start":{"line":144,"column":4},"end":{"line":144,"column":51}},"89":{"start":{"line":147,"column":2},"end":{"line":331,"column":4}},"90":{"start":{"line":169,"column":33},"end":{"line":169,"column":73}},"91":{"start":{"line":173,"column":54},"end":{"line":173,"column":59}},"92":{"start":{"line":174,"column":18},"end":{"line":174,"column":36}},"93":{"start":{"line":214,"column":22},"end":{"line":214,"column":36}},"94":{"start":{"line":236,"column":81},"end":{"line":236,"column":112}},"95":{"start":{"line":244,"column":16},"end":{"line":245,"column":null}},"96":{"start":{"line":256,"column":37},"end":{"line":256,"column":78}},"97":{"start":{"line":265,"column":37},"end":{"line":265,"column":55}},"98":{"start":{"line":295,"column":18},"end":{"line":295,"column":34}},"99":{"start":{"line":304,"column":33},"end":{"line":304,"column":59}},"100":{"start":{"line":311,"column":33},"end":{"line":311,"column":52}},"101":{"start":{"line":334,"column":0},"end":{"line":334,"column":35}}},"fnMap":{"0":{"name":"(anonymous_9)","decl":{"start":{"line":11,"column":38},"end":{"line":11,"column":41}},"loc":{"start":{"line":11,"column":43},"end":{"line":332,"column":1}}},"1":{"name":"(anonymous_10)","decl":{"start":{"line":23,"column":28},"end":{"line":23,"column":29}},"loc":{"start":{"line":23,"column":63},"end":{"line":64,"column":3}}},"2":{"name":"(anonymous_11)","decl":{"start":{"line":26,"column":44},"end":{"line":26,"column":45}},"loc":{"start":{"line":26,"column":53},"end":{"line":54,"column":5}}},"3":{"name":"(anonymous_12)","decl":{"start":{"line":67,"column":24},"end":{"line":67,"column":27}},"loc":{"start":{"line":67,"column":29},"end":{"line":72,"column":3}}},"4":{"name":"(anonymous_13)","decl":{"start":{"line":75,"column":22},"end":{"line":75,"column":23}},"loc":{"start":{"line":75,"column":40},"end":{"line":103,"column":3}}},"5":{"name":"(anonymous_14)","decl":{"start":{"line":89,"column":15},"end":{"line":89,"column":16}},"loc":{"start":{"line":89,"column":25},"end":{"line":89,"column":33}}},"6":{"name":"(anonymous_15)","decl":{"start":{"line":91,"column":15},"end":{"line":91,"column":16}},"loc":{"start":{"line":91,"column":22},"end":{"line":91,"column":40}}},"7":{"name":"(anonymous_16)","decl":{"start":{"line":93,"column":48},"end":{"line":93,"column":49}},"loc":{"start":{"line":93,"column":59},"end":{"line":93,"column":192}}},"8":{"name":"(anonymous_17)","decl":{"start":{"line":94,"column":24},"end":{"line":94,"column":25}},"loc":{"start":{"line":94,"column":31},"end":{"line":94,"column":48}}},"9":{"name":"(anonymous_18)","decl":{"start":{"line":95,"column":17},"end":{"line":95,"column":20}},"loc":{"start":{"line":95,"column":23},"end":{"line":95,"column":104}}},"10":{"name":"(anonymous_19)","decl":{"start":{"line":95,"column":41},"end":{"line":95,"column":42}},"loc":{"start":{"line":95,"column":48},"end":{"line":95,"column":103}}},"11":{"name":"(anonymous_20)","decl":{"start":{"line":95,"column":57},"end":{"line":95,"column":58}},"loc":{"start":{"line":95,"column":65},"end":{"line":95,"column":102}}},"12":{"name":"(anonymous_21)","decl":{"start":{"line":95,"column":78},"end":{"line":95,"column":79}},"loc":{"start":{"line":95,"column":86},"end":{"line":95,"column":101}}},"13":{"name":"(anonymous_22)","decl":{"start":{"line":99,"column":17},"end":{"line":99,"column":20}},"loc":{"start":{"line":99,"column":23},"end":{"line":99,"column":42}}},"14":{"name":"(anonymous_23)","decl":{"start":{"line":102,"column":21},"end":{"line":102,"column":22}},"loc":{"start":{"line":102,"column":31},"end":{"line":102,"column":39}}},"15":{"name":"(anonymous_24)","decl":{"start":{"line":106,"column":29},"end":{"line":106,"column":30}},"loc":{"start":{"line":106,"column":62},"end":{"line":113,"column":3}}},"16":{"name":"(anonymous_25)","decl":{"start":{"line":116,"column":22},"end":{"line":116,"column":23}},"loc":{"start":{"line":116,"column":40},"end":{"line":131,"column":3}}},"17":{"name":"(anonymous_26)","decl":{"start":{"line":134,"column":24},"end":{"line":134,"column":25}},"loc":{"start":{"line":134,"column":60},"end":{"line":145,"column":3}}},"18":{"name":"(anonymous_27)","decl":{"start":{"line":169,"column":26},"end":{"line":169,"column":27}},"loc":{"start":{"line":169,"column":33},"end":{"line":169,"column":73}}},"19":{"name":"(anonymous_28)","decl":{"start":{"line":173,"column":44},"end":{"line":173,"column":45}},"loc":{"start":{"line":173,"column":54},"end":{"line":173,"column":59}}},"20":{"name":"(anonymous_29)","decl":{"start":{"line":173,"column":65},"end":{"line":173,"column":66}},"loc":{"start":{"line":174,"column":18},"end":{"line":174,"column":36}}},"21":{"name":"(anonymous_30)","decl":{"start":{"line":213,"column":55},"end":{"line":213,"column":56}},"loc":{"start":{"line":214,"column":22},"end":{"line":214,"column":36}}},"22":{"name":"(anonymous_31)","decl":{"start":{"line":236,"column":74},"end":{"line":236,"column":75}},"loc":{"start":{"line":236,"column":81},"end":{"line":236,"column":112}}},"23":{"name":"(anonymous_32)","decl":{"start":{"line":243,"column":29},"end":{"line":243,"column":30}},"loc":{"start":{"line":244,"column":16},"end":{"line":245,"column":null}}},"24":{"name":"(anonymous_33)","decl":{"start":{"line":256,"column":30},"end":{"line":256,"column":31}},"loc":{"start":{"line":256,"column":37},"end":{"line":256,"column":78}}},"25":{"name":"(anonymous_34)","decl":{"start":{"line":265,"column":31},"end":{"line":265,"column":34}},"loc":{"start":{"line":265,"column":37},"end":{"line":265,"column":55}}},"26":{"name":"(anonymous_35)","decl":{"start":{"line":294,"column":36},"end":{"line":294,"column":37}},"loc":{"start":{"line":295,"column":18},"end":{"line":295,"column":34}}},"27":{"name":"(anonymous_36)","decl":{"start":{"line":304,"column":27},"end":{"line":304,"column":30}},"loc":{"start":{"line":304,"column":33},"end":{"line":304,"column":59}}},"28":{"name":"(anonymous_37)","decl":{"start":{"line":311,"column":27},"end":{"line":311,"column":30}},"loc":{"start":{"line":311,"column":33},"end":{"line":311,"column":52}}}},"branchMap":{"0":{"loc":{"start":{"line":24,"column":16},"end":{"line":24,"column":57}},"type":"cond-expr","locations":[{"start":{"line":24,"column":29},"end":{"line":24,"column":49}},{"start":{"line":24,"column":52},"end":{"line":24,"column":57}}]},"1":{"loc":{"start":{"line":31,"column":6},"end":{"line":45,"column":7}},"type":"if","locations":[{"start":{"line":31,"column":6},"end":{"line":45,"column":7}},{"start":{"line":34,"column":13},"end":{"line":45,"column":7}}]},"2":{"loc":{"start":{"line":34,"column":13},"end":{"line":45,"column":7}},"type":"if","locations":[{"start":{"line":34,"column":13},"end":{"line":45,"column":7}},{"start":{"line":37,"column":13},"end":{"line":45,"column":7}}]},"3":{"loc":{"start":{"line":37,"column":13},"end":{"line":45,"column":7}},"type":"if","locations":[{"start":{"line":37,"column":13},"end":{"line":45,"column":7}},{"start":{"line":40,"column":13},"end":{"line":45,"column":7}}]},"4":{"loc":{"start":{"line":56,"column":4},"end":{"line":61,"column":5}},"type":"if","locations":[{"start":{"line":56,"column":4},"end":{"line":61,"column":5}},{"start":{},"end":{}}]},"5":{"loc":{"start":{"line":88,"column":4},"end":{"line":100,"column":5}},"type":"if","locations":[{"start":{"line":88,"column":4},"end":{"line":100,"column":5}},{"start":{"line":96,"column":11},"end":{"line":100,"column":5}}]},"6":{"loc":{"start":{"line":118,"column":4},"end":{"line":130,"column":5}},"type":"if","locations":[{"start":{"line":118,"column":4},"end":{"line":130,"column":5}},{"start":{"line":124,"column":11},"end":{"line":130,"column":5}}]},"7":{"loc":{"start":{"line":138,"column":4},"end":{"line":140,"column":5}},"type":"if","locations":[{"start":{"line":138,"column":4},"end":{"line":140,"column":5}},{"start":{},"end":{}}]},"8":{"loc":{"start":{"line":141,"column":4},"end":{"line":143,"column":5}},"type":"if","locations":[{"start":{"line":141,"column":4},"end":{"line":143,"column":5}},{"start":{},"end":{}}]},"9":{"loc":{"start":{"line":160,"column":9},"end":{"line":327,"column":null}},"type":"cond-expr","locations":[{"start":{"line":162,"column":10},"end":{"line":186,"column":null}},{"start":{"line":190,"column":10},"end":{"line":326,"column":null}}]},"10":{"loc":{"start":{"line":222,"column":17},"end":{"line":229,"column":null}},"type":"binary-expr","locations":[{"start":{"line":222,"column":17},"end":{"line":222,"column":37}},{"start":{"line":223,"column":18},"end":{"line":228,"column":null}}]},"11":{"loc":{"start":{"line":224,"column":21},"end":{"line":228,"column":50}},"type":"cond-expr","locations":[{"start":{"line":225,"column":24},"end":{"line":225,"column":40}},{"start":{"line":226,"column":24},"end":{"line":228,"column":50}}]},"12":{"loc":{"start":{"line":226,"column":24},"end":{"line":228,"column":50}},"type":"cond-expr","locations":[{"start":{"line":227,"column":26},"end":{"line":227,"column":43}},{"start":{"line":228,"column":26},"end":{"line":228,"column":50}}]},"13":{"loc":{"start":{"line":246,"column":128},"end":{"line":246,"column":171}},"type":"cond-expr","locations":[{"start":{"line":246,"column":151},"end":{"line":246,"column":166}},{"start":{"line":246,"column":169},"end":{"line":246,"column":171}}]},"14":{"loc":{"start":{"line":263,"column":19},"end":{"line":285,"column":null}},"type":"cond-expr","locations":[{"start":{"line":264,"column":20},"end":{"line":268,"column":null}},{"start":{"line":273,"column":20},"end":{"line":284,"column":null}}]},"15":{"loc":{"start":{"line":274,"column":23},"end":{"line":283,"column":null}},"type":"cond-expr","locations":[{"start":{"line":275,"column":24},"end":{"line":275,"column":null}},{"start":{"line":279,"column":24},"end":{"line":282,"column":null}}]},"16":{"loc":{"start":{"line":292,"column":13},"end":{"line":297,"column":null}},"type":"binary-expr","locations":[{"start":{"line":292,"column":13},"end":{"line":292,"column":38}},{"start":{"line":293,"column":14},"end":{"line":296,"column":null}}]},"17":{"loc":{"start":{"line":301,"column":13},"end":{"line":317,"column":null}},"type":"binary-expr","locations":[{"start":{"line":301,"column":13},"end":{"line":301,"column":33}},{"start":{"line":302,"column":14},"end":{"line":316,"column":null}}]}},"s":{"0":1,"1":1,"2":127,"3":127,"4":127,"5":127,"6":127,"7":127,"8":127,"9":127,"10":127,"11":127,"12":15,"13":15,"14":150,"15":150,"16":150,"17":150,"18":150,"19":150,"20":150,"21":0,"22":0,"23":0,"24":0,"25":0,"26":0,"27":0,"28":0,"29":0,"30":150,"31":15,"32":0,"33":0,"34":0,"35":0,"36":15,"37":127,"38":14,"39":14,"40":14,"41":14,"42":127,"43":45,"44":45,"45":45,"46":45,"47":45,"48":45,"49":45,"50":43,"51":43,"52":43,"53":43,"54":43,"55":516,"56":43,"57":43,"58":43,"59":2,"60":0,"61":0,"62":0,"63":2,"64":2,"65":2,"66":45,"67":45,"68":127,"69":46,"70":46,"71":46,"72":127,"73":1,"74":1,"75":1,"76":1,"77":1,"78":0,"79":0,"80":0,"81":0,"82":127,"83":1060,"84":1060,"85":655,"86":405,"87":403,"88":2,"89":127,"90":2,"91":210,"92":210,"93":210,"94":0,"95":1060,"96":46,"97":45,"98":4956,"99":1,"100":1,"101":1},"f":{"0":127,"1":15,"2":150,"3":14,"4":45,"5":43,"6":43,"7":516,"8":43,"9":2,"10":0,"11":0,"12":0,"13":2,"14":45,"15":46,"16":1,"17":1060,"18":2,"19":210,"20":210,"21":210,"22":0,"23":1060,"24":46,"25":45,"26":4956,"27":1,"28":1},"b":{"0":[0,15],"1":[150,0],"2":[0,0],"3":[0,0],"4":[0,15],"5":[43,2],"6":[1,0],"7":[655,405],"8":[403,2],"9":[21,106],"10":[106,4],"11":[4,0],"12":[0,0],"13":[2,1058],"14":[655,405],"15":[403,2],"16":[106,80],"17":[106,4]}}
}
