{"C:\\Users\\jenni\\OneDrive\\Documentos\\Integracion_ContinuaTF\\src\\components\\Arte\\ColorMixer\\ColorMixer.tsx": {"path":"C:\\Users\\jenni\\OneDrive\\Documentos\\Integracion_ContinuaTF\\src\\components\\Arte\\ColorMixer\\ColorMixer.tsx","statementMap":{"0":{"start":{"line":1,"column":0},"end":{"line":1,"column":59}},"1":{"start":{"line":2,"column":0},"end":{"line":2,"column":47}},"2":{"start":{"line":10,"column":29},"end":{"line":284,"column":1}},"3":{"start":{"line":11,"column":30},"end":{"line":15,"column":4}},"4":{"start":{"line":17,"column":20},"end":{"line":17,"column":51}},"5":{"start":{"line":20,"column":24},"end":{"line":31,"column":3}},"6":{"start":{"line":22,"column":14},"end":{"line":22,"column":24}},"7":{"start":{"line":23,"column":14},"end":{"line":23,"column":27}},"8":{"start":{"line":24,"column":14},"end":{"line":24,"column":25}},"9":{"start":{"line":26,"column":4},"end":{"line":30,"column":6}},"10":{"start":{"line":34,"column":44},"end":{"line":34,"column":59}},"11":{"start":{"line":35,"column":40},"end":{"line":35,"column":98}},"12":{"start":{"line":37,"column":27},"end":{"line":47,"column":3}},"13":{"start":{"line":38,"column":4},"end":{"line":38,"column":33}},"14":{"start":{"line":38,"column":22},"end":{"line":38,"column":33}},"15":{"start":{"line":39,"column":14},"end":{"line":39,"column":29}},"16":{"start":{"line":40,"column":15},"end":{"line":40,"column":34}},"17":{"start":{"line":41,"column":15},"end":{"line":41,"column":34}},"18":{"start":{"line":42,"column":15},"end":{"line":42,"column":34}},"19":{"start":{"line":44,"column":20},"end":{"line":44,"column":44}},"20":{"start":{"line":45,"column":17},"end":{"line":45,"column":55}},"21":{"start":{"line":46,"column":4},"end":{"line":46,"column":63}},"22":{"start":{"line":49,"column":25},"end":{"line":54,"column":3}},"23":{"start":{"line":51,"column":17},"end":{"line":51,"column":135}},"24":{"start":{"line":51,"column":24},"end":{"line":51,"column":134}},"25":{"start":{"line":52,"column":4},"end":{"line":52,"column":27}},"26":{"start":{"line":53,"column":4},"end":{"line":53,"column":27}},"27":{"start":{"line":56,"column":24},"end":{"line":59,"column":3}},"28":{"start":{"line":57,"column":4},"end":{"line":57,"column":25}},"29":{"start":{"line":58,"column":4},"end":{"line":58,"column":28}},"30":{"start":{"line":62,"column":2},"end":{"line":83,"column":15}},"31":{"start":{"line":63,"column":19},"end":{"line":63,"column":36}},"32":{"start":{"line":64,"column":4},"end":{"line":64,"column":24}},"33":{"start":{"line":64,"column":17},"end":{"line":64,"column":24}},"34":{"start":{"line":66,"column":16},"end":{"line":66,"column":39}},"35":{"start":{"line":67,"column":4},"end":{"line":67,"column":21}},"36":{"start":{"line":67,"column":14},"end":{"line":67,"column":21}},"37":{"start":{"line":69,"column":23},"end":{"line":69,"column":38}},"38":{"start":{"line":70,"column":22},"end":{"line":70,"column":114}},"39":{"start":{"line":73,"column":4},"end":{"line":73,"column":53}},"40":{"start":{"line":76,"column":4},"end":{"line":76,"column":20}},"41":{"start":{"line":77,"column":4},"end":{"line":77,"column":43}},"42":{"start":{"line":78,"column":4},"end":{"line":78,"column":30}},"43":{"start":{"line":79,"column":4},"end":{"line":79,"column":15}},"44":{"start":{"line":80,"column":4},"end":{"line":80,"column":29}},"45":{"start":{"line":81,"column":4},"end":{"line":81,"column":22}},"46":{"start":{"line":82,"column":4},"end":{"line":82,"column":17}},"47":{"start":{"line":86,"column":28},"end":{"line":91,"column":3}},"48":{"start":{"line":87,"column":4},"end":{"line":90,"column":8}},"49":{"start":{"line":87,"column":25},"end":{"line":90,"column":6}},"50":{"start":{"line":94,"column":22},"end":{"line":101,"column":3}},"51":{"start":{"line":95,"column":20},"end":{"line":99,"column":6}},"52":{"start":{"line":100,"column":4},"end":{"line":100,"column":31}},"53":{"start":{"line":104,"column":22},"end":{"line":106,"column":3}},"54":{"start":{"line":105,"column":4},"end":{"line":105,"column":46}},"55":{"start":{"line":109,"column":22},"end":{"line":114,"column":3}},"56":{"start":{"line":110,"column":23},"end":{"line":110,"column":38}},"57":{"start":{"line":111,"column":18},"end":{"line":112,"column":63}},"58":{"start":{"line":112,"column":6},"end":{"line":112,"column":63}},"59":{"start":{"line":113,"column":4},"end":{"line":113,"column":81}},"60":{"start":{"line":116,"column":2},"end":{"line":283,"column":4}},"61":{"start":{"line":200,"column":31},"end":{"line":200,"column":79}},"62":{"start":{"line":217,"column":31},"end":{"line":217,"column":82}},"63":{"start":{"line":234,"column":31},"end":{"line":234,"column":80}},"64":{"start":{"line":244,"column":27},"end":{"line":244,"column":47}},"65":{"start":{"line":251,"column":27},"end":{"line":251,"column":48}},"66":{"start":{"line":258,"column":27},"end":{"line":258,"column":48}},"67":{"start":{"line":286,"column":0},"end":{"line":286,"column":26}}},"fnMap":{"0":{"name":"(anonymous_10)","decl":{"start":{"line":10,"column":29},"end":{"line":10,"column":32}},"loc":{"start":{"line":10,"column":34},"end":{"line":284,"column":1}}},"1":{"name":"(anonymous_11)","decl":{"start":{"line":20,"column":24},"end":{"line":20,"column":64}},"loc":{"start":{"line":20,"column":66},"end":{"line":31,"column":3}}},"2":{"name":"(anonymous_12)","decl":{"start":{"line":37,"column":27},"end":{"line":37,"column":30}},"loc":{"start":{"line":37,"column":32},"end":{"line":47,"column":3}}},"3":{"name":"(anonymous_13)","decl":{"start":{"line":49,"column":25},"end":{"line":49,"column":28}},"loc":{"start":{"line":49,"column":30},"end":{"line":54,"column":3}}},"4":{"name":"(anonymous_14)","decl":{"start":{"line":51,"column":17},"end":{"line":51,"column":20}},"loc":{"start":{"line":51,"column":24},"end":{"line":51,"column":134}}},"5":{"name":"(anonymous_15)","decl":{"start":{"line":56,"column":24},"end":{"line":56,"column":27}},"loc":{"start":{"line":56,"column":29},"end":{"line":59,"column":3}}},"6":{"name":"(anonymous_16)","decl":{"start":{"line":62,"column":12},"end":{"line":62,"column":15}},"loc":{"start":{"line":62,"column":17},"end":{"line":83,"column":3}}},"7":{"name":"(anonymous_17)","decl":{"start":{"line":86,"column":28},"end":{"line":86,"column":29}},"loc":{"start":{"line":86,"column":72},"end":{"line":91,"column":3}}},"8":{"name":"(anonymous_18)","decl":{"start":{"line":87,"column":14},"end":{"line":87,"column":15}},"loc":{"start":{"line":87,"column":25},"end":{"line":90,"column":6}}},"9":{"name":"(anonymous_19)","decl":{"start":{"line":94,"column":22},"end":{"line":94,"column":23}},"loc":{"start":{"line":94,"column":64},"end":{"line":101,"column":3}}},"10":{"name":"(anonymous_20)","decl":{"start":{"line":104,"column":22},"end":{"line":104,"column":25}},"loc":{"start":{"line":104,"column":27},"end":{"line":106,"column":3}}},"11":{"name":"(anonymous_21)","decl":{"start":{"line":109,"column":22},"end":{"line":109,"column":33}},"loc":{"start":{"line":109,"column":35},"end":{"line":114,"column":3}}},"12":{"name":"(anonymous_22)","decl":{"start":{"line":111,"column":18},"end":{"line":111,"column":19}},"loc":{"start":{"line":112,"column":6},"end":{"line":112,"column":63}}},"13":{"name":"(anonymous_23)","decl":{"start":{"line":200,"column":24},"end":{"line":200,"column":25}},"loc":{"start":{"line":200,"column":31},"end":{"line":200,"column":79}}},"14":{"name":"(anonymous_24)","decl":{"start":{"line":217,"column":24},"end":{"line":217,"column":25}},"loc":{"start":{"line":217,"column":31},"end":{"line":217,"column":82}}},"15":{"name":"(anonymous_25)","decl":{"start":{"line":234,"column":24},"end":{"line":234,"column":25}},"loc":{"start":{"line":234,"column":31},"end":{"line":234,"column":80}}},"16":{"name":"(anonymous_26)","decl":{"start":{"line":244,"column":21},"end":{"line":244,"column":24}},"loc":{"start":{"line":244,"column":27},"end":{"line":244,"column":47}}},"17":{"name":"(anonymous_27)","decl":{"start":{"line":251,"column":21},"end":{"line":251,"column":24}},"loc":{"start":{"line":251,"column":27},"end":{"line":251,"column":48}}},"18":{"name":"(anonymous_28)","decl":{"start":{"line":258,"column":21},"end":{"line":258,"column":24}},"loc":{"start":{"line":258,"column":27},"end":{"line":258,"column":48}}}},"branchMap":{"0":{"loc":{"start":{"line":38,"column":4},"end":{"line":38,"column":33}},"type":"if","locations":[{"start":{"line":38,"column":4},"end":{"line":38,"column":33}},{"start":{},"end":{}}]},"1":{"loc":{"start":{"line":64,"column":4},"end":{"line":64,"column":24}},"type":"if","locations":[{"start":{"line":64,"column":4},"end":{"line":64,"column":24}},{"start":{},"end":{}}]},"2":{"loc":{"start":{"line":67,"column":4},"end":{"line":67,"column":21}},"type":"if","locations":[{"start":{"line":67,"column":4},"end":{"line":67,"column":21}},{"start":{},"end":{}}]},"3":{"loc":{"start":{"line":136,"column":109},"end":{"line":136,"column":165}},"type":"cond-expr","locations":[{"start":{"line":136,"column":125},"end":{"line":136,"column":160}},{"start":{"line":136,"column":163},"end":{"line":136,"column":165}}]},"4":{"loc":{"start":{"line":144,"column":47},"end":{"line":144,"column":133}},"type":"cond-expr","locations":[{"start":{"line":144,"column":63},"end":{"line":144,"column":93}},{"start":{"line":144,"column":96},"end":{"line":144,"column":133}}]},"5":{"loc":{"start":{"line":148,"column":13},"end":{"line":155,"column":null}},"type":"binary-expr","locations":[{"start":{"line":148,"column":13},"end":{"line":148,"column":26}},{"start":{"line":148,"column":30},"end":{"line":148,"column":41}},{"start":{"line":149,"column":14},"end":{"line":154,"column":null}}]},"6":{"loc":{"start":{"line":171,"column":11},"end":{"line":183,"column":null}},"type":"cond-expr","locations":[{"start":{"line":172,"column":12},"end":{"line":172,"column":125}},{"start":{"line":174,"column":12},"end":{"line":182,"column":null}}]}},"s":{"0":1,"1":1,"2":1,"3":24,"4":24,"5":24,"6":120,"7":120,"8":120,"9":120,"10":24,"11":24,"12":24,"13":0,"14":0,"15":0,"16":0,"17":0,"18":0,"19":0,"20":0,"21":0,"22":24,"23":0,"24":0,"25":0,"26":0,"27":24,"28":0,"29":0,"30":24,"31":24,"32":24,"33":0,"34":24,"35":24,"36":0,"37":24,"38":24,"39":24,"40":24,"41":24,"42":24,"43":24,"44":24,"45":24,"46":24,"47":24,"48":5,"49":5,"50":24,"51":3,"52":3,"53":24,"54":1,"55":24,"56":24,"57":24,"58":72,"59":24,"60":24,"61":3,"62":1,"63":1,"64":1,"65":1,"66":1,"67":1},"f":{"0":24,"1":120,"2":0,"3":0,"4":0,"5":0,"6":24,"7":5,"8":5,"9":3,"10":1,"11":24,"12":72,"13":3,"14":1,"15":1,"16":1,"17":1,"18":1},"b":{"0":[0,0],"1":[0,24],"2":[0,24],"3":[0,24],"4":[0,24],"5":[24,0,0],"6":[24,0]}}
,"C:\\Users\\jenni\\OneDrive\\Documentos\\Integracion_ContinuaTF\\src\\components\\CienciasNaturales\\WaterCycle\\WaterCycle.tsx": {"path":"C:\\Users\\jenni\\OneDrive\\Documentos\\Integracion_ContinuaTF\\src\\components\\CienciasNaturales\\WaterCycle\\WaterCycle.tsx","statementMap":{"0":{"start":{"line":1,"column":0},"end":{"line":1,"column":51}},"1":{"start":{"line":12,"column":24},"end":{"line":49,"column":2}},"2":{"start":{"line":51,"column":29},"end":{"line":337,"column":1}},"3":{"start":{"line":52,"column":40},"end":{"line":52,"column":69}},"4":{"start":{"line":53,"column":36},"end":{"line":53,"column":60}},"5":{"start":{"line":54,"column":50},"end":{"line":54,"column":69}},"6":{"start":{"line":56,"column":34},"end":{"line":56,"column":49}},"7":{"start":{"line":57,"column":40},"end":{"line":57,"column":76}},"8":{"start":{"line":58,"column":38},"end":{"line":58,"column":67}},"9":{"start":{"line":60,"column":24},"end":{"line":64,"column":4}},"10":{"start":{"line":67,"column":2},"end":{"line":81,"column":18}},"11":{"start":{"line":68,"column":4},"end":{"line":68,"column":27}},"12":{"start":{"line":68,"column":20},"end":{"line":68,"column":27}},"13":{"start":{"line":70,"column":21},"end":{"line":78,"column":12}},"14":{"start":{"line":71,"column":6},"end":{"line":77,"column":9}},"15":{"start":{"line":72,"column":8},"end":{"line":75,"column":9}},"16":{"start":{"line":73,"column":10},"end":{"line":73,"column":30}},"17":{"start":{"line":74,"column":10},"end":{"line":74,"column":19}},"18":{"start":{"line":76,"column":8},"end":{"line":76,"column":24}},"19":{"start":{"line":80,"column":4},"end":{"line":80,"column":41}},"20":{"start":{"line":80,"column":17},"end":{"line":80,"column":40}},"21":{"start":{"line":84,"column":2},"end":{"line":88,"column":36}},"22":{"start":{"line":85,"column":4},"end":{"line":87,"column":5}},"23":{"start":{"line":86,"column":6},"end":{"line":86,"column":50}},"24":{"start":{"line":91,"column":24},"end":{"line":94,"column":3}},"25":{"start":{"line":92,"column":4},"end":{"line":92,"column":27}},"26":{"start":{"line":93,"column":4},"end":{"line":93,"column":23}},"27":{"start":{"line":97,"column":23},"end":{"line":100,"column":3}},"28":{"start":{"line":98,"column":4},"end":{"line":98,"column":24}},"29":{"start":{"line":99,"column":4},"end":{"line":99,"column":25}},"30":{"start":{"line":103,"column":22},"end":{"line":107,"column":3}},"31":{"start":{"line":104,"column":4},"end":{"line":106,"column":5}},"32":{"start":{"line":105,"column":6},"end":{"line":105,"column":30}},"33":{"start":{"line":109,"column":21},"end":{"line":115,"column":3}},"34":{"start":{"line":110,"column":18},"end":{"line":110,"column":19}},"35":{"start":{"line":111,"column":4},"end":{"line":113,"column":7}},"36":{"start":{"line":112,"column":6},"end":{"line":112,"column":45}},"37":{"start":{"line":112,"column":35},"end":{"line":112,"column":45}},"38":{"start":{"line":114,"column":4},"end":{"line":114,"column":27}},"39":{"start":{"line":118,"column":29},"end":{"line":120,"column":3}},"40":{"start":{"line":119,"column":4},"end":{"line":119,"column":68}},"41":{"start":{"line":119,"column":34},"end":{"line":119,"column":58}},"42":{"start":{"line":122,"column":2},"end":{"line":336,"column":4}},"43":{"start":{"line":166,"column":16},"end":{"line":167,"column":null}},"44":{"start":{"line":168,"column":33},"end":{"line":168,"column":54}},"45":{"start":{"line":256,"column":41},"end":{"line":256,"column":58}},"46":{"start":{"line":260,"column":22},"end":{"line":260,"column":35}},"47":{"start":{"line":264,"column":28},"end":{"line":264,"column":46}},"48":{"start":{"line":264,"column":61},"end":{"line":264,"column":104}},"49":{"start":{"line":264,"column":84},"end":{"line":264,"column":102}},"50":{"start":{"line":272,"column":47},"end":{"line":272,"column":66}},"51":{"start":{"line":272,"column":67},"end":{"line":272,"column":87}},"52":{"start":{"line":272,"column":88},"end":{"line":272,"column":107}},"53":{"start":{"line":291,"column":12},"end":{"line":292,"column":null}},"54":{"start":{"line":293,"column":29},"end":{"line":293,"column":50}},"55":{"start":{"line":339,"column":0},"end":{"line":339,"column":26}}},"fnMap":{"0":{"name":"(anonymous_9)","decl":{"start":{"line":51,"column":29},"end":{"line":51,"column":32}},"loc":{"start":{"line":51,"column":34},"end":{"line":337,"column":1}}},"1":{"name":"(anonymous_10)","decl":{"start":{"line":67,"column":12},"end":{"line":67,"column":15}},"loc":{"start":{"line":67,"column":17},"end":{"line":81,"column":3}}},"2":{"name":"(anonymous_11)","decl":{"start":{"line":70,"column":33},"end":{"line":70,"column":36}},"loc":{"start":{"line":70,"column":38},"end":{"line":78,"column":5}}},"3":{"name":"(anonymous_12)","decl":{"start":{"line":71,"column":26},"end":{"line":71,"column":27}},"loc":{"start":{"line":71,"column":35},"end":{"line":77,"column":7}}},"4":{"name":"(anonymous_13)","decl":{"start":{"line":80,"column":11},"end":{"line":80,"column":14}},"loc":{"start":{"line":80,"column":17},"end":{"line":80,"column":40}}},"5":{"name":"(anonymous_14)","decl":{"start":{"line":84,"column":12},"end":{"line":84,"column":15}},"loc":{"start":{"line":84,"column":17},"end":{"line":88,"column":3}}},"6":{"name":"(anonymous_15)","decl":{"start":{"line":91,"column":24},"end":{"line":91,"column":27}},"loc":{"start":{"line":91,"column":29},"end":{"line":94,"column":3}}},"7":{"name":"(anonymous_16)","decl":{"start":{"line":97,"column":23},"end":{"line":97,"column":26}},"loc":{"start":{"line":97,"column":28},"end":{"line":100,"column":3}}},"8":{"name":"(anonymous_17)","decl":{"start":{"line":103,"column":22},"end":{"line":103,"column":23}},"loc":{"start":{"line":103,"column":42},"end":{"line":107,"column":3}}},"9":{"name":"(anonymous_18)","decl":{"start":{"line":109,"column":21},"end":{"line":109,"column":24}},"loc":{"start":{"line":109,"column":26},"end":{"line":115,"column":3}}},"10":{"name":"(anonymous_19)","decl":{"start":{"line":111,"column":26},"end":{"line":111,"column":27}},"loc":{"start":{"line":111,"column":36},"end":{"line":113,"column":5}}},"11":{"name":"(anonymous_20)","decl":{"start":{"line":118,"column":29},"end":{"line":118,"column":46}},"loc":{"start":{"line":118,"column":48},"end":{"line":120,"column":3}}},"12":{"name":"(anonymous_21)","decl":{"start":{"line":119,"column":23},"end":{"line":119,"column":24}},"loc":{"start":{"line":119,"column":34},"end":{"line":119,"column":58}}},"13":{"name":"(anonymous_22)","decl":{"start":{"line":165,"column":26},"end":{"line":165,"column":27}},"loc":{"start":{"line":166,"column":16},"end":{"line":167,"column":null}}},"14":{"name":"(anonymous_23)","decl":{"start":{"line":168,"column":27},"end":{"line":168,"column":30}},"loc":{"start":{"line":168,"column":33},"end":{"line":168,"column":54}}},"15":{"name":"(anonymous_24)","decl":{"start":{"line":256,"column":35},"end":{"line":256,"column":38}},"loc":{"start":{"line":256,"column":41},"end":{"line":256,"column":58}}},"16":{"name":"(anonymous_25)","decl":{"start":{"line":259,"column":39},"end":{"line":259,"column":40}},"loc":{"start":{"line":260,"column":22},"end":{"line":260,"column":35}}},"17":{"name":"(anonymous_26)","decl":{"start":{"line":263,"column":42},"end":{"line":263,"column":43}},"loc":{"start":{"line":264,"column":28},"end":{"line":264,"column":46}}},"18":{"name":"(anonymous_27)","decl":{"start":{"line":264,"column":55},"end":{"line":264,"column":58}},"loc":{"start":{"line":264,"column":61},"end":{"line":264,"column":104}}},"19":{"name":"(anonymous_28)","decl":{"start":{"line":264,"column":76},"end":{"line":264,"column":77}},"loc":{"start":{"line":264,"column":84},"end":{"line":264,"column":102}}},"20":{"name":"(anonymous_29)","decl":{"start":{"line":272,"column":39},"end":{"line":272,"column":42}},"loc":{"start":{"line":272,"column":44},"end":{"line":272,"column":109}}},"21":{"name":"(anonymous_30)","decl":{"start":{"line":290,"column":22},"end":{"line":290,"column":23}},"loc":{"start":{"line":291,"column":12},"end":{"line":292,"column":null}}},"22":{"name":"(anonymous_31)","decl":{"start":{"line":293,"column":23},"end":{"line":293,"column":26}},"loc":{"start":{"line":293,"column":29},"end":{"line":293,"column":50}}}},"branchMap":{"0":{"loc":{"start":{"line":68,"column":4},"end":{"line":68,"column":27}},"type":"if","locations":[{"start":{"line":68,"column":4},"end":{"line":68,"column":27}},{"start":{},"end":{}}]},"1":{"loc":{"start":{"line":72,"column":8},"end":{"line":75,"column":9}},"type":"if","locations":[{"start":{"line":72,"column":8},"end":{"line":75,"column":9}},{"start":{},"end":{}}]},"2":{"loc":{"start":{"line":85,"column":4},"end":{"line":87,"column":5}},"type":"if","locations":[{"start":{"line":85,"column":4},"end":{"line":87,"column":5}},{"start":{},"end":{}}]},"3":{"loc":{"start":{"line":104,"column":4},"end":{"line":106,"column":5}},"type":"if","locations":[{"start":{"line":104,"column":4},"end":{"line":106,"column":5}},{"start":{},"end":{}}]},"4":{"loc":{"start":{"line":112,"column":6},"end":{"line":112,"column":45}},"type":"if","locations":[{"start":{"line":112,"column":6},"end":{"line":112,"column":45}},{"start":{},"end":{}}]},"5":{"loc":{"start":{"line":119,"column":11},"end":{"line":119,"column":67}},"type":"binary-expr","locations":[{"start":{"line":119,"column":11},"end":{"line":119,"column":59}},{"start":{"line":119,"column":63},"end":{"line":119,"column":67}}]},"6":{"loc":{"start":{"line":171,"column":20},"end":{"line":173,"column":null}},"type":"cond-expr","locations":[{"start":{"line":172,"column":24},"end":{"line":172,"column":72}},{"start":{"line":173,"column":24},"end":{"line":173,"column":null}}]},"7":{"loc":{"start":{"line":174,"column":22},"end":{"line":174,"column":73}},"type":"cond-expr","locations":[{"start":{"line":174,"column":34},"end":{"line":174,"column":54}},{"start":{"line":174,"column":57},"end":{"line":174,"column":73}}]},"8":{"loc":{"start":{"line":188,"column":15},"end":{"line":197,"column":null}},"type":"binary-expr","locations":[{"start":{"line":188,"column":15},"end":{"line":188,"column":24}},{"start":{"line":188,"column":28},"end":{"line":188,"column":64}},{"start":{"line":189,"column":16},"end":{"line":196,"column":null}}]},"9":{"loc":{"start":{"line":201,"column":15},"end":{"line":209,"column":null}},"type":"binary-expr","locations":[{"start":{"line":201,"column":15},"end":{"line":201,"column":24}},{"start":{"line":202,"column":16},"end":{"line":208,"column":null}}]},"10":{"loc":{"start":{"line":217,"column":15},"end":{"line":250,"column":null}},"type":"cond-expr","locations":[{"start":{"line":218,"column":16},"end":{"line":242,"column":null}},{"start":{"line":245,"column":16},"end":{"line":249,"column":null}}]},"11":{"loc":{"start":{"line":255,"column":17},"end":{"line":281,"column":null}},"type":"cond-expr","locations":[{"start":{"line":256,"column":18},"end":{"line":256,"column":155}},{"start":{"line":258,"column":18},"end":{"line":280,"column":null}}]},"12":{"loc":{"start":{"line":264,"column":141},"end":{"line":264,"column":212}},"type":"cond-expr","locations":[{"start":{"line":264,"column":166},"end":{"line":264,"column":192}},{"start":{"line":264,"column":195},"end":{"line":264,"column":212}}]},"13":{"loc":{"start":{"line":275,"column":21},"end":{"line":279,"column":null}},"type":"binary-expr","locations":[{"start":{"line":275,"column":21},"end":{"line":275,"column":40}},{"start":{"line":276,"column":22},"end":{"line":278,"column":null}}]},"14":{"loc":{"start":{"line":278,"column":64},"end":{"line":278,"column":171}},"type":"cond-expr","locations":[{"start":{"line":278,"column":102},"end":{"line":278,"column":114}},{"start":{"line":278,"column":117},"end":{"line":278,"column":171}}]},"15":{"loc":{"start":{"line":296,"column":16},"end":{"line":298,"column":null}},"type":"cond-expr","locations":[{"start":{"line":297,"column":20},"end":{"line":297,"column":54}},{"start":{"line":298,"column":20},"end":{"line":298,"column":null}}]}},"s":{"0":1,"1":1,"2":1,"3":45,"4":45,"5":45,"6":45,"7":45,"8":45,"9":45,"10":45,"11":28,"12":24,"13":4,"14":0,"15":0,"16":0,"17":0,"18":0,"19":4,"20":4,"21":45,"22":28,"23":4,"24":45,"25":4,"26":4,"27":45,"28":1,"29":1,"30":45,"31":13,"32":13,"33":45,"34":0,"35":0,"36":0,"37":0,"38":0,"39":45,"40":68,"41":120,"42":45,"43":180,"44":13,"45":0,"46":0,"47":0,"48":0,"49":0,"50":0,"51":0,"52":0,"53":180,"54":0,"55":1},"f":{"0":45,"1":28,"2":0,"3":0,"4":4,"5":28,"6":4,"7":1,"8":13,"9":0,"10":0,"11":68,"12":120,"13":180,"14":13,"15":0,"16":0,"17":0,"18":0,"19":0,"20":0,"21":180,"22":0},"b":{"0":[24,4],"1":[0,0],"2":[4,24],"3":[13,0],"4":[0,0],"5":[68,0],"6":[17,163],"7":[32,148],"8":[45,8,8],"9":[45,8],"10":[17,28],"11":[45,0],"12":[0,0],"13":[0,0],"14":[0,0],"15":[17,163]}}
,"C:\\Users\\jenni\\OneDrive\\Documentos\\Integracion_ContinuaTF\\src\\components\\Matematicas\\MultiplicationTable\\MultiplicationTable.tsx": {"path":"C:\\Users\\jenni\\OneDrive\\Documentos\\Integracion_ContinuaTF\\src\\components\\Matematicas\\MultiplicationTable\\MultiplicationTable.tsx","statementMap":{"0":{"start":{"line":1,"column":0},"end":{"line":1,"column":40}},"1":{"start":{"line":11,"column":38},"end":{"line":284,"column":1}},"2":{"start":{"line":12,"column":44},"end":{"line":12,"column":63}},"3":{"start":{"line":13,"column":36},"end":{"line":13,"column":65}},"4":{"start":{"line":14,"column":28},"end":{"line":14,"column":47}},"5":{"start":{"line":15,"column":44},"end":{"line":15,"column":63}},"6":{"start":{"line":16,"column":36},"end":{"line":16,"column":60}},"7":{"start":{"line":17,"column":38},"end":{"line":17,"column":62}},"8":{"start":{"line":18,"column":28},"end":{"line":18,"column":47}},"9":{"start":{"line":21,"column":28},"end":{"line":39,"column":3}},"10":{"start":{"line":22,"column":17},"end":{"line":31,"column":6}},"11":{"start":{"line":23,"column":25},"end":{"line":23,"column":30}},"12":{"start":{"line":24,"column":6},"end":{"line":30,"column":25}},"13":{"start":{"line":32,"column":4},"end":{"line":32,"column":33}},"14":{"start":{"line":32,"column":21},"end":{"line":32,"column":33}},"15":{"start":{"line":34,"column":4},"end":{"line":37,"column":5}},"16":{"start":{"line":34,"column":17},"end":{"line":34,"column":32}},"17":{"start":{"line":35,"column":16},"end":{"line":35,"column":51}},"18":{"start":{"line":36,"column":6},"end":{"line":36,"column":46}},"19":{"start":{"line":38,"column":4},"end":{"line":38,"column":16}},"20":{"start":{"line":42,"column":24},"end":{"line":47,"column":3}},"21":{"start":{"line":43,"column":4},"end":{"line":43,"column":51}},"22":{"start":{"line":44,"column":4},"end":{"line":44,"column":16}},"23":{"start":{"line":45,"column":4},"end":{"line":45,"column":24}},"24":{"start":{"line":46,"column":4},"end":{"line":46,"column":23}},"25":{"start":{"line":50,"column":22},"end":{"line":80,"column":3}},"26":{"start":{"line":51,"column":21},"end":{"line":51,"column":37}},"27":{"start":{"line":52,"column":26},"end":{"line":52,"column":55}},"28":{"start":{"line":53,"column":22},"end":{"line":53,"column":55}},"29":{"start":{"line":55,"column":29},"end":{"line":55,"column":43}},"30":{"start":{"line":56,"column":4},"end":{"line":60,"column":6}},"31":{"start":{"line":61,"column":4},"end":{"line":61,"column":35}},"32":{"start":{"line":63,"column":4},"end":{"line":77,"column":5}},"33":{"start":{"line":64,"column":6},"end":{"line":64,"column":35}},"34":{"start":{"line":64,"column":25},"end":{"line":64,"column":33}},"35":{"start":{"line":66,"column":6},"end":{"line":66,"column":42}},"36":{"start":{"line":66,"column":22},"end":{"line":66,"column":40}},"37":{"start":{"line":69,"column":6},"end":{"line":76,"column":15}},"38":{"start":{"line":70,"column":31},"end":{"line":70,"column":52}},"39":{"start":{"line":71,"column":8},"end":{"line":74,"column":10}},"40":{"start":{"line":75,"column":8},"end":{"line":75,"column":37}},"41":{"start":{"line":79,"column":4},"end":{"line":79,"column":41}},"42":{"start":{"line":79,"column":31},"end":{"line":79,"column":39}},"43":{"start":{"line":83,"column":29},"end":{"line":90,"column":3}},"44":{"start":{"line":84,"column":29},"end":{"line":84,"column":43}},"45":{"start":{"line":85,"column":4},"end":{"line":88,"column":6}},"46":{"start":{"line":89,"column":4},"end":{"line":89,"column":35}},"47":{"start":{"line":93,"column":22},"end":{"line":108,"column":3}},"48":{"start":{"line":94,"column":4},"end":{"line":94,"column":28}},"49":{"start":{"line":95,"column":4},"end":{"line":107,"column":5}},"50":{"start":{"line":97,"column":6},"end":{"line":97,"column":45}},"51":{"start":{"line":98,"column":6},"end":{"line":98,"column":18}},"52":{"start":{"line":99,"column":6},"end":{"line":99,"column":26}},"53":{"start":{"line":103,"column":6},"end":{"line":103,"column":26}},"54":{"start":{"line":104,"column":6},"end":{"line":104,"column":23}},"55":{"start":{"line":105,"column":6},"end":{"line":105,"column":18}},"56":{"start":{"line":106,"column":6},"end":{"line":106,"column":26}},"57":{"start":{"line":111,"column":24},"end":{"line":122,"column":3}},"58":{"start":{"line":113,"column":6},"end":{"line":113,"column":104}},"59":{"start":{"line":115,"column":4},"end":{"line":117,"column":5}},"60":{"start":{"line":116,"column":6},"end":{"line":116,"column":64}},"61":{"start":{"line":118,"column":4},"end":{"line":120,"column":5}},"62":{"start":{"line":119,"column":6},"end":{"line":119,"column":57}},"63":{"start":{"line":121,"column":4},"end":{"line":121,"column":51}},"64":{"start":{"line":124,"column":2},"end":{"line":283,"column":4}},"65":{"start":{"line":146,"column":33},"end":{"line":146,"column":73}},"66":{"start":{"line":150,"column":54},"end":{"line":150,"column":59}},"67":{"start":{"line":151,"column":18},"end":{"line":151,"column":36}},"68":{"start":{"line":179,"column":26},"end":{"line":179,"column":40}},"69":{"start":{"line":197,"column":81},"end":{"line":197,"column":112}},"70":{"start":{"line":205,"column":16},"end":{"line":206,"column":null}},"71":{"start":{"line":217,"column":37},"end":{"line":217,"column":78}},"72":{"start":{"line":226,"column":37},"end":{"line":226,"column":55}},"73":{"start":{"line":256,"column":33},"end":{"line":256,"column":59}},"74":{"start":{"line":263,"column":33},"end":{"line":263,"column":52}},"75":{"start":{"line":286,"column":0},"end":{"line":286,"column":35}}},"fnMap":{"0":{"name":"(anonymous_9)","decl":{"start":{"line":11,"column":38},"end":{"line":11,"column":41}},"loc":{"start":{"line":11,"column":43},"end":{"line":284,"column":1}}},"1":{"name":"(anonymous_10)","decl":{"start":{"line":21,"column":28},"end":{"line":21,"column":29}},"loc":{"start":{"line":21,"column":63},"end":{"line":39,"column":3}}},"2":{"name":"(anonymous_11)","decl":{"start":{"line":22,"column":44},"end":{"line":22,"column":45}},"loc":{"start":{"line":22,"column":53},"end":{"line":31,"column":5}}},"3":{"name":"(anonymous_12)","decl":{"start":{"line":42,"column":24},"end":{"line":42,"column":27}},"loc":{"start":{"line":42,"column":29},"end":{"line":47,"column":3}}},"4":{"name":"(anonymous_13)","decl":{"start":{"line":50,"column":22},"end":{"line":50,"column":23}},"loc":{"start":{"line":50,"column":40},"end":{"line":80,"column":3}}},"5":{"name":"(anonymous_14)","decl":{"start":{"line":64,"column":15},"end":{"line":64,"column":16}},"loc":{"start":{"line":64,"column":25},"end":{"line":64,"column":33}}},"6":{"name":"(anonymous_15)","decl":{"start":{"line":66,"column":15},"end":{"line":66,"column":16}},"loc":{"start":{"line":66,"column":22},"end":{"line":66,"column":40}}},"7":{"name":"(anonymous_16)","decl":{"start":{"line":69,"column":17},"end":{"line":69,"column":20}},"loc":{"start":{"line":69,"column":22},"end":{"line":76,"column":7}}},"8":{"name":"(anonymous_17)","decl":{"start":{"line":79,"column":21},"end":{"line":79,"column":22}},"loc":{"start":{"line":79,"column":31},"end":{"line":79,"column":39}}},"9":{"name":"(anonymous_18)","decl":{"start":{"line":83,"column":29},"end":{"line":83,"column":30}},"loc":{"start":{"line":83,"column":62},"end":{"line":90,"column":3}}},"10":{"name":"(anonymous_19)","decl":{"start":{"line":93,"column":22},"end":{"line":93,"column":23}},"loc":{"start":{"line":93,"column":40},"end":{"line":108,"column":3}}},"11":{"name":"(anonymous_20)","decl":{"start":{"line":111,"column":24},"end":{"line":111,"column":25}},"loc":{"start":{"line":111,"column":60},"end":{"line":122,"column":3}}},"12":{"name":"(anonymous_21)","decl":{"start":{"line":146,"column":26},"end":{"line":146,"column":27}},"loc":{"start":{"line":146,"column":33},"end":{"line":146,"column":73}}},"13":{"name":"(anonymous_22)","decl":{"start":{"line":150,"column":44},"end":{"line":150,"column":45}},"loc":{"start":{"line":150,"column":54},"end":{"line":150,"column":59}}},"14":{"name":"(anonymous_23)","decl":{"start":{"line":150,"column":65},"end":{"line":150,"column":66}},"loc":{"start":{"line":151,"column":18},"end":{"line":151,"column":36}}},"15":{"name":"(anonymous_24)","decl":{"start":{"line":178,"column":59},"end":{"line":178,"column":60}},"loc":{"start":{"line":179,"column":26},"end":{"line":179,"column":40}}},"16":{"name":"(anonymous_25)","decl":{"start":{"line":197,"column":74},"end":{"line":197,"column":75}},"loc":{"start":{"line":197,"column":81},"end":{"line":197,"column":112}}},"17":{"name":"(anonymous_26)","decl":{"start":{"line":204,"column":29},"end":{"line":204,"column":30}},"loc":{"start":{"line":205,"column":16},"end":{"line":206,"column":null}}},"18":{"name":"(anonymous_27)","decl":{"start":{"line":217,"column":30},"end":{"line":217,"column":31}},"loc":{"start":{"line":217,"column":37},"end":{"line":217,"column":78}}},"19":{"name":"(anonymous_28)","decl":{"start":{"line":226,"column":31},"end":{"line":226,"column":34}},"loc":{"start":{"line":226,"column":37},"end":{"line":226,"column":55}}},"20":{"name":"(anonymous_29)","decl":{"start":{"line":256,"column":27},"end":{"line":256,"column":30}},"loc":{"start":{"line":256,"column":33},"end":{"line":256,"column":59}}},"21":{"name":"(anonymous_30)","decl":{"start":{"line":263,"column":27},"end":{"line":263,"column":30}},"loc":{"start":{"line":263,"column":33},"end":{"line":263,"column":52}}}},"branchMap":{"0":{"loc":{"start":{"line":32,"column":4},"end":{"line":32,"column":33}},"type":"if","locations":[{"start":{"line":32,"column":4},"end":{"line":32,"column":33}},{"start":{},"end":{}}]},"1":{"loc":{"start":{"line":63,"column":4},"end":{"line":77,"column":5}},"type":"if","locations":[{"start":{"line":63,"column":4},"end":{"line":77,"column":5}},{"start":{"line":67,"column":11},"end":{"line":77,"column":5}}]},"2":{"loc":{"start":{"line":95,"column":4},"end":{"line":107,"column":5}},"type":"if","locations":[{"start":{"line":95,"column":4},"end":{"line":107,"column":5}},{"start":{"line":101,"column":11},"end":{"line":107,"column":5}}]},"3":{"loc":{"start":{"line":115,"column":4},"end":{"line":117,"column":5}},"type":"if","locations":[{"start":{"line":115,"column":4},"end":{"line":117,"column":5}},{"start":{},"end":{}}]},"4":{"loc":{"start":{"line":118,"column":4},"end":{"line":120,"column":5}},"type":"if","locations":[{"start":{"line":118,"column":4},"end":{"line":120,"column":5}},{"start":{},"end":{}}]},"5":{"loc":{"start":{"line":137,"column":9},"end":{"line":279,"column":null}},"type":"cond-expr","locations":[{"start":{"line":139,"column":10},"end":{"line":163,"column":null}},{"start":{"line":167,"column":10},"end":{"line":278,"column":null}}]},"6":{"loc":{"start":{"line":183,"column":21},"end":{"line":190,"column":null}},"type":"binary-expr","locations":[{"start":{"line":183,"column":21},"end":{"line":183,"column":41}},{"start":{"line":184,"column":22},"end":{"line":189,"column":null}}]},"7":{"loc":{"start":{"line":185,"column":25},"end":{"line":189,"column":54}},"type":"cond-expr","locations":[{"start":{"line":186,"column":28},"end":{"line":186,"column":44}},{"start":{"line":187,"column":28},"end":{"line":189,"column":54}}]},"8":{"loc":{"start":{"line":187,"column":28},"end":{"line":189,"column":54}},"type":"cond-expr","locations":[{"start":{"line":188,"column":30},"end":{"line":188,"column":47}},{"start":{"line":189,"column":30},"end":{"line":189,"column":54}}]},"9":{"loc":{"start":{"line":224,"column":19},"end":{"line":246,"column":null}},"type":"cond-expr","locations":[{"start":{"line":225,"column":20},"end":{"line":229,"column":null}},{"start":{"line":234,"column":20},"end":{"line":245,"column":null}}]},"10":{"loc":{"start":{"line":235,"column":23},"end":{"line":244,"column":null}},"type":"cond-expr","locations":[{"start":{"line":236,"column":24},"end":{"line":236,"column":null}},{"start":{"line":240,"column":24},"end":{"line":243,"column":null}}]},"11":{"loc":{"start":{"line":253,"column":13},"end":{"line":269,"column":null}},"type":"binary-expr","locations":[{"start":{"line":253,"column":13},"end":{"line":253,"column":33}},{"start":{"line":254,"column":14},"end":{"line":268,"column":null}}]}},"s":{"0":1,"1":1,"2":108,"3":108,"4":108,"5":108,"6":108,"7":108,"8":108,"9":108,"10":14,"11":140,"12":140,"13":14,"14":14,"15":0,"16":0,"17":0,"18":0,"19":0,"20":108,"21":14,"22":14,"23":14,"24":14,"25":108,"26":36,"27":36,"28":36,"29":36,"30":36,"31":36,"32":36,"33":34,"34":34,"35":34,"36":34,"37":2,"38":2,"39":2,"40":2,"41":36,"42":36,"43":108,"44":37,"45":37,"46":37,"47":108,"48":0,"49":0,"50":0,"51":0,"52":0,"53":0,"54":0,"55":0,"56":0,"57":108,"58":870,"59":870,"60":564,"61":306,"62":304,"63":2,"64":108,"65":2,"66":210,"67":210,"68":157,"69":0,"70":870,"71":37,"72":36,"73":0,"74":1,"75":1},"f":{"0":108,"1":14,"2":140,"3":14,"4":36,"5":34,"6":34,"7":2,"8":36,"9":37,"10":0,"11":870,"12":2,"13":210,"14":210,"15":157,"16":0,"17":870,"18":37,"19":36,"20":0,"21":1},"b":{"0":[14,0],"1":[34,2],"2":[0,0],"3":[564,306],"4":[304,2],"5":[21,87],"6":[87,3],"7":[3,0],"8":[0,0],"9":[564,306],"10":[304,2],"11":[87,3]}}
}
