TN:
SF:src\components\Arte\ColorMixer\ColorMixer.tsx
FN:10,(anonymous_10)
FN:20,(anonymous_11)
FN:38,(anonymous_12)
FN:50,(anonymous_13)
FN:52,(anonymous_14)
FN:57,(anonymous_15)
FN:63,(anonymous_16)
FN:87,(anonymous_17)
FN:88,(anonymous_18)
FN:95,(anonymous_19)
FN:105,(anonymous_20)
FN:110,(anonymous_21)
FN:112,(anonymous_22)
FN:117,(anonymous_23)
FN:118,(anonymous_24)
FN:182,(anonymous_25)
FN:183,(anonymous_26)
FN:183,(anonymous_27)
FN:219,(anonymous_28)
FN:219,(anonymous_29)
FN:237,(anonymous_30)
FN:237,(anonymous_31)
FN:255,(anonymous_32)
FN:255,(anonymous_33)
FN:266,(anonymous_34)
FN:273,(anonymous_35)
FN:280,(anonymous_36)
FNF:27
FNH:15
FNDA:24,(anonymous_10)
FNDA:120,(anonymous_11)
FNDA:0,(anonymous_12)
FNDA:0,(anonymous_13)
FNDA:0,(anonymous_14)
FNDA:0,(anonymous_15)
FNDA:24,(anonymous_16)
FNDA:5,(anonymous_17)
FNDA:5,(anonymous_18)
FNDA:3,(anonymous_19)
FNDA:1,(anonymous_20)
FNDA:24,(anonymous_21)
FNDA:72,(anonymous_22)
FNDA:0,(anonymous_23)
FNDA:0,(anonymous_24)
FNDA:0,(anonymous_25)
FNDA:0,(anonymous_26)
FNDA:0,(anonymous_27)
FNDA:3,(anonymous_28)
FNDA:0,(anonymous_29)
FNDA:1,(anonymous_30)
FNDA:0,(anonymous_31)
FNDA:1,(anonymous_32)
FNDA:0,(anonymous_33)
FNDA:1,(anonymous_34)
FNDA:1,(anonymous_35)
FNDA:1,(anonymous_36)
DA:1,1
DA:2,1
DA:10,1
DA:11,24
DA:17,24
DA:20,24
DA:22,120
DA:23,120
DA:24,120
DA:26,120
DA:34,24
DA:35,24
DA:36,24
DA:38,24
DA:39,0
DA:40,0
DA:41,0
DA:42,0
DA:43,0
DA:45,0
DA:46,0
DA:47,0
DA:50,24
DA:52,0
DA:53,0
DA:54,0
DA:57,24
DA:58,0
DA:59,0
DA:63,24
DA:64,24
DA:65,24
DA:67,24
DA:68,24
DA:70,24
DA:71,24
DA:74,24
DA:77,24
DA:78,24
DA:79,24
DA:80,24
DA:81,24
DA:82,24
DA:83,24
DA:87,24
DA:88,5
DA:95,24
DA:96,3
DA:101,3
DA:105,24
DA:106,1
DA:110,24
DA:111,24
DA:112,24
DA:113,72
DA:114,24
DA:117,24
DA:118,0
DA:119,0
DA:122,24
DA:182,0
DA:183,0
DA:219,3
DA:237,1
DA:255,1
DA:266,1
DA:273,1
DA:280,1
DA:308,1
LF:69
LH:52
BRDA:39,0,0,0
BRDA:39,0,1,0
BRDA:65,1,0,0
BRDA:65,1,1,24
BRDA:68,2,0,0
BRDA:68,2,1,24
BRDA:144,3,0,6
BRDA:144,3,1,18
BRDA:157,4,0,0
BRDA:157,4,1,24
BRDA:159,5,0,24
BRDA:159,5,1,0
BRDA:159,5,2,0
BRDA:190,6,0,24
BRDA:190,6,1,0
BRF:15
BRH:7
end_of_record
TN:
SF:src\components\CienciasNaturales\WaterCycle\WaterCycle.tsx
FN:51,(anonymous_9)
FN:67,(anonymous_10)
FN:70,(anonymous_11)
FN:71,(anonymous_12)
FN:80,(anonymous_13)
FN:84,(anonymous_14)
FN:91,(anonymous_15)
FN:97,(anonymous_16)
FN:103,(anonymous_17)
FN:110,(anonymous_18)
FN:117,(anonymous_19)
FN:119,(anonymous_20)
FN:126,(anonymous_21)
FN:127,(anonymous_22)
FN:177,(anonymous_23)
FN:180,(anonymous_24)
FN:181,(anonymous_25)
FN:271,(anonymous_26)
FN:274,(anonymous_27)
FN:278,(anonymous_28)
FN:279,(anonymous_29)
FN:279,(anonymous_30)
FN:287,(anonymous_31)
FN:305,(anonymous_32)
FN:308,(anonymous_33)
FNF:25
FNH:12
FNDA:45,(anonymous_9)
FNDA:28,(anonymous_10)
FNDA:0,(anonymous_11)
FNDA:0,(anonymous_12)
FNDA:4,(anonymous_13)
FNDA:28,(anonymous_14)
FNDA:4,(anonymous_15)
FNDA:1,(anonymous_16)
FNDA:13,(anonymous_17)
FNDA:0,(anonymous_18)
FNDA:0,(anonymous_19)
FNDA:0,(anonymous_20)
FNDA:68,(anonymous_21)
FNDA:120,(anonymous_22)
FNDA:180,(anonymous_23)
FNDA:13,(anonymous_24)
FNDA:0,(anonymous_25)
FNDA:0,(anonymous_26)
FNDA:0,(anonymous_27)
FNDA:0,(anonymous_28)
FNDA:0,(anonymous_29)
FNDA:0,(anonymous_30)
FNDA:0,(anonymous_31)
FNDA:180,(anonymous_32)
FNDA:0,(anonymous_33)
DA:1,1
DA:12,1
DA:51,1
DA:52,45
DA:53,45
DA:54,45
DA:56,45
DA:57,45
DA:58,45
DA:60,45
DA:67,45
DA:68,28
DA:70,4
DA:71,0
DA:72,0
DA:73,0
DA:74,0
DA:76,0
DA:80,4
DA:84,45
DA:85,28
DA:86,4
DA:91,45
DA:92,4
DA:93,4
DA:97,45
DA:98,1
DA:99,1
DA:103,45
DA:104,13
DA:105,13
DA:110,45
DA:111,0
DA:112,0
DA:113,0
DA:117,45
DA:118,0
DA:119,0
DA:120,0
DA:122,0
DA:126,45
DA:127,120
DA:130,45
DA:178,180
DA:180,13
DA:181,0
DA:271,0
DA:275,0
DA:279,0
DA:287,0
DA:306,180
DA:308,0
DA:354,1
LF:53
LH:35
BRDA:68,0,0,24
BRDA:68,0,1,4
BRDA:72,1,0,0
BRDA:72,1,1,0
BRDA:85,2,0,4
BRDA:85,2,1,24
BRDA:104,3,0,13
BRDA:104,3,1,0
BRDA:111,4,0,0
BRDA:111,4,1,0
BRDA:111,5,0,0
BRDA:111,5,1,0
BRDA:120,6,0,0
BRDA:120,6,1,0
BRDA:127,7,0,68
BRDA:127,7,1,0
BRDA:152,8,0,8
BRDA:152,8,1,37
BRDA:186,9,0,17
BRDA:186,9,1,163
BRDA:189,10,0,32
BRDA:189,10,1,148
BRDA:189,11,0,45
BRDA:189,11,1,135
BRDA:189,12,0,45
BRDA:189,12,1,90
BRDA:198,13,0,45
BRDA:198,13,1,135
BRDA:203,14,0,45
BRDA:203,14,1,8
BRDA:203,14,2,8
BRDA:216,15,0,45
BRDA:216,15,1,8
BRDA:232,16,0,17
BRDA:232,16,1,28
BRDA:270,17,0,45
BRDA:270,17,1,0
BRDA:279,18,0,0
BRDA:279,18,1,0
BRDA:290,19,0,0
BRDA:290,19,1,0
BRDA:291,20,0,0
BRDA:291,20,1,0
BRDA:292,21,0,0
BRDA:292,21,1,0
BRDA:311,22,0,17
BRDA:311,22,1,163
BRF:47
BRH:28
end_of_record
TN:
SF:src\components\Matematicas\MultiplicationTable\MultiplicationTable.tsx
FN:11,(anonymous_9)
FN:23,(anonymous_10)
FN:26,(anonymous_11)
FN:67,(anonymous_12)
FN:75,(anonymous_13)
FN:89,(anonymous_14)
FN:91,(anonymous_15)
FN:93,(anonymous_16)
FN:94,(anonymous_17)
FN:95,(anonymous_18)
FN:95,(anonymous_19)
FN:95,(anonymous_20)
FN:95,(anonymous_21)
FN:99,(anonymous_22)
FN:102,(anonymous_23)
FN:106,(anonymous_24)
FN:116,(anonymous_25)
FN:134,(anonymous_26)
FN:169,(anonymous_27)
FN:173,(anonymous_28)
FN:173,(anonymous_29)
FN:213,(anonymous_30)
FN:236,(anonymous_31)
FN:243,(anonymous_32)
FN:256,(anonymous_33)
FN:265,(anonymous_34)
FN:294,(anonymous_35)
FN:304,(anonymous_36)
FN:311,(anonymous_37)
FNF:29
FNH:25
FNDA:127,(anonymous_9)
FNDA:15,(anonymous_10)
FNDA:150,(anonymous_11)
FNDA:14,(anonymous_12)
FNDA:45,(anonymous_13)
FNDA:43,(anonymous_14)
FNDA:43,(anonymous_15)
FNDA:516,(anonymous_16)
FNDA:43,(anonymous_17)
FNDA:2,(anonymous_18)
FNDA:0,(anonymous_19)
FNDA:0,(anonymous_20)
FNDA:0,(anonymous_21)
FNDA:2,(anonymous_22)
FNDA:45,(anonymous_23)
FNDA:46,(anonymous_24)
FNDA:1,(anonymous_25)
FNDA:1060,(anonymous_26)
FNDA:2,(anonymous_27)
FNDA:210,(anonymous_28)
FNDA:210,(anonymous_29)
FNDA:210,(anonymous_30)
FNDA:0,(anonymous_31)
FNDA:1060,(anonymous_32)
FNDA:46,(anonymous_33)
FNDA:45,(anonymous_34)
FNDA:4956,(anonymous_35)
FNDA:1,(anonymous_36)
FNDA:1,(anonymous_37)
DA:1,1
DA:11,1
DA:12,127
DA:13,127
DA:14,127
DA:15,127
DA:16,127
DA:17,127
DA:18,127
DA:19,127
DA:20,127
DA:23,127
DA:24,15
DA:26,15
DA:27,150
DA:28,150
DA:29,150
DA:30,150
DA:31,150
DA:32,150
DA:33,150
DA:34,0
DA:35,0
DA:36,0
DA:37,0
DA:38,0
DA:39,0
DA:42,0
DA:43,0
DA:44,0
DA:47,150
DA:56,15
DA:57,0
DA:58,0
DA:59,0
DA:63,15
DA:67,127
DA:68,14
DA:69,14
DA:70,14
DA:71,14
DA:75,127
DA:76,45
DA:77,45
DA:78,45
DA:80,45
DA:81,45
DA:86,45
DA:88,45
DA:89,43
DA:91,43
DA:93,516
DA:94,43
DA:95,43
DA:98,2
DA:99,2
DA:102,45
DA:106,127
DA:107,46
DA:108,46
DA:112,46
DA:116,127
DA:117,1
DA:118,1
DA:120,1
DA:121,1
DA:122,1
DA:126,0
DA:127,0
DA:128,0
DA:129,0
DA:134,127
DA:136,1060
DA:138,1060
DA:139,655
DA:141,405
DA:142,403
DA:144,2
DA:147,127
DA:169,2
DA:173,210
DA:174,210
DA:214,210
DA:236,0
DA:244,1060
DA:256,46
DA:265,45
DA:295,4956
DA:304,1
DA:311,1
DA:334,1
LF:91
LH:74
BRDA:24,0,0,0
BRDA:24,0,1,15
BRDA:31,1,0,150
BRDA:31,1,1,0
BRDA:34,2,0,0
BRDA:34,2,1,0
BRDA:37,3,0,0
BRDA:37,3,1,0
BRDA:56,4,0,0
BRDA:56,4,1,15
BRDA:88,5,0,43
BRDA:88,5,1,2
BRDA:118,6,0,1
BRDA:118,6,1,0
BRDA:138,7,0,655
BRDA:138,7,1,405
BRDA:141,8,0,403
BRDA:141,8,1,2
BRDA:160,9,0,21
BRDA:160,9,1,106
BRDA:222,10,0,106
BRDA:222,10,1,4
BRDA:224,11,0,4
BRDA:224,11,1,0
BRDA:226,12,0,0
BRDA:226,12,1,0
BRDA:246,13,0,2
BRDA:246,13,1,1058
BRDA:263,14,0,655
BRDA:263,14,1,405
BRDA:274,15,0,403
BRDA:274,15,1,2
BRDA:292,16,0,106
BRDA:292,16,1,80
BRDA:301,17,0,106
BRDA:301,17,1,4
BRF:36
BRH:25
end_of_record
