TN:
SF:src\components\Arte\ColorMixer\ColorMixer.tsx
FN:10,(anonymous_10)
FN:20,(anonymous_11)
FN:37,(anonymous_12)
FN:49,(anonymous_13)
FN:51,(anonymous_14)
FN:56,(anonymous_15)
FN:62,(anonymous_16)
FN:86,(anonymous_17)
FN:87,(anonymous_18)
FN:94,(anonymous_19)
FN:104,(anonymous_20)
FN:109,(anonymous_21)
FN:111,(anonymous_22)
FN:200,(anonymous_23)
FN:217,(anonymous_24)
FN:234,(anonymous_25)
FN:244,(anonymous_26)
FN:251,(anonymous_27)
FN:258,(anonymous_28)
FNF:19
FNH:15
FNDA:24,(anonymous_10)
FNDA:120,(anonymous_11)
FNDA:0,(anonymous_12)
FNDA:0,(anonymous_13)
FNDA:0,(anonymous_14)
FNDA:0,(anonymous_15)
FNDA:24,(anonymous_16)
FNDA:5,(anonymous_17)
FNDA:5,(anonymous_18)
FNDA:3,(anonymous_19)
FNDA:1,(anonymous_20)
FNDA:24,(anonymous_21)
FNDA:72,(anonymous_22)
FNDA:3,(anonymous_23)
FNDA:1,(anonymous_24)
FNDA:1,(anonymous_25)
FNDA:1,(anonymous_26)
FNDA:1,(anonymous_27)
FNDA:1,(anonymous_28)
DA:1,1
DA:2,1
DA:10,1
DA:11,24
DA:17,24
DA:20,24
DA:22,120
DA:23,120
DA:24,120
DA:26,120
DA:34,24
DA:35,24
DA:37,24
DA:38,0
DA:39,0
DA:40,0
DA:41,0
DA:42,0
DA:44,0
DA:45,0
DA:46,0
DA:49,24
DA:51,0
DA:52,0
DA:53,0
DA:56,24
DA:57,0
DA:58,0
DA:62,24
DA:63,24
DA:64,24
DA:66,24
DA:67,24
DA:69,24
DA:70,24
DA:73,24
DA:76,24
DA:77,24
DA:78,24
DA:79,24
DA:80,24
DA:81,24
DA:82,24
DA:86,24
DA:87,5
DA:94,24
DA:95,3
DA:100,3
DA:104,24
DA:105,1
DA:109,24
DA:110,24
DA:111,24
DA:112,72
DA:113,24
DA:116,24
DA:200,3
DA:217,1
DA:234,1
DA:244,1
DA:251,1
DA:258,1
DA:286,1
LF:63
LH:50
BRDA:38,0,0,0
BRDA:38,0,1,0
BRDA:64,1,0,0
BRDA:64,1,1,24
BRDA:67,2,0,0
BRDA:67,2,1,24
BRDA:136,3,0,0
BRDA:136,3,1,24
BRDA:144,4,0,0
BRDA:144,4,1,24
BRDA:148,5,0,24
BRDA:148,5,1,0
BRDA:148,5,2,0
BRDA:171,6,0,24
BRDA:171,6,1,0
BRF:15
BRH:6
end_of_record
TN:
SF:src\components\CienciasNaturales\WaterCycle\WaterCycle.tsx
FN:51,(anonymous_9)
FN:67,(anonymous_10)
FN:70,(anonymous_11)
FN:71,(anonymous_12)
FN:80,(anonymous_13)
FN:84,(anonymous_14)
FN:91,(anonymous_15)
FN:97,(anonymous_16)
FN:103,(anonymous_17)
FN:109,(anonymous_18)
FN:111,(anonymous_19)
FN:118,(anonymous_20)
FN:119,(anonymous_21)
FN:165,(anonymous_22)
FN:168,(anonymous_23)
FN:256,(anonymous_24)
FN:259,(anonymous_25)
FN:263,(anonymous_26)
FN:264,(anonymous_27)
FN:264,(anonymous_28)
FN:272,(anonymous_29)
FN:290,(anonymous_30)
FN:293,(anonymous_31)
FNF:23
FNH:12
FNDA:45,(anonymous_9)
FNDA:28,(anonymous_10)
FNDA:0,(anonymous_11)
FNDA:0,(anonymous_12)
FNDA:4,(anonymous_13)
FNDA:28,(anonymous_14)
FNDA:4,(anonymous_15)
FNDA:1,(anonymous_16)
FNDA:13,(anonymous_17)
FNDA:0,(anonymous_18)
FNDA:0,(anonymous_19)
FNDA:68,(anonymous_20)
FNDA:120,(anonymous_21)
FNDA:180,(anonymous_22)
FNDA:13,(anonymous_23)
FNDA:0,(anonymous_24)
FNDA:0,(anonymous_25)
FNDA:0,(anonymous_26)
FNDA:0,(anonymous_27)
FNDA:0,(anonymous_28)
FNDA:0,(anonymous_29)
FNDA:180,(anonymous_30)
FNDA:0,(anonymous_31)
DA:1,1
DA:12,1
DA:51,1
DA:52,45
DA:53,45
DA:54,45
DA:56,45
DA:57,45
DA:58,45
DA:60,45
DA:67,45
DA:68,28
DA:70,4
DA:71,0
DA:72,0
DA:73,0
DA:74,0
DA:76,0
DA:80,4
DA:84,45
DA:85,28
DA:86,4
DA:91,45
DA:92,4
DA:93,4
DA:97,45
DA:98,1
DA:99,1
DA:103,45
DA:104,13
DA:105,13
DA:109,45
DA:110,0
DA:111,0
DA:112,0
DA:114,0
DA:118,45
DA:119,120
DA:122,45
DA:166,180
DA:168,13
DA:256,0
DA:260,0
DA:264,0
DA:272,0
DA:291,180
DA:293,0
DA:339,1
LF:48
LH:34
BRDA:68,0,0,24
BRDA:68,0,1,4
BRDA:72,1,0,0
BRDA:72,1,1,0
BRDA:85,2,0,4
BRDA:85,2,1,24
BRDA:104,3,0,13
BRDA:104,3,1,0
BRDA:112,4,0,0
BRDA:112,4,1,0
BRDA:119,5,0,68
BRDA:119,5,1,0
BRDA:171,6,0,17
BRDA:171,6,1,163
BRDA:174,7,0,32
BRDA:174,7,1,148
BRDA:188,8,0,45
BRDA:188,8,1,8
BRDA:188,8,2,8
BRDA:201,9,0,45
BRDA:201,9,1,8
BRDA:217,10,0,17
BRDA:217,10,1,28
BRDA:255,11,0,45
BRDA:255,11,1,0
BRDA:264,12,0,0
BRDA:264,12,1,0
BRDA:275,13,0,0
BRDA:275,13,1,0
BRDA:278,14,0,0
BRDA:278,14,1,0
BRDA:296,15,0,17
BRDA:296,15,1,163
BRF:33
BRH:20
end_of_record
TN:
SF:src\components\Matematicas\MultiplicationTable\MultiplicationTable.tsx
FN:11,(anonymous_9)
FN:21,(anonymous_10)
FN:22,(anonymous_11)
FN:42,(anonymous_12)
FN:50,(anonymous_13)
FN:64,(anonymous_14)
FN:66,(anonymous_15)
FN:69,(anonymous_16)
FN:79,(anonymous_17)
FN:83,(anonymous_18)
FN:93,(anonymous_19)
FN:111,(anonymous_20)
FN:146,(anonymous_21)
FN:150,(anonymous_22)
FN:150,(anonymous_23)
FN:178,(anonymous_24)
FN:197,(anonymous_25)
FN:204,(anonymous_26)
FN:217,(anonymous_27)
FN:226,(anonymous_28)
FN:256,(anonymous_29)
FN:263,(anonymous_30)
FNF:22
FNH:19
FNDA:108,(anonymous_9)
FNDA:14,(anonymous_10)
FNDA:140,(anonymous_11)
FNDA:14,(anonymous_12)
FNDA:36,(anonymous_13)
FNDA:34,(anonymous_14)
FNDA:34,(anonymous_15)
FNDA:2,(anonymous_16)
FNDA:36,(anonymous_17)
FNDA:37,(anonymous_18)
FNDA:0,(anonymous_19)
FNDA:870,(anonymous_20)
FNDA:2,(anonymous_21)
FNDA:210,(anonymous_22)
FNDA:210,(anonymous_23)
FNDA:157,(anonymous_24)
FNDA:0,(anonymous_25)
FNDA:870,(anonymous_26)
FNDA:37,(anonymous_27)
FNDA:36,(anonymous_28)
FNDA:0,(anonymous_29)
FNDA:1,(anonymous_30)
DA:1,1
DA:11,1
DA:12,108
DA:13,108
DA:14,108
DA:15,108
DA:16,108
DA:17,108
DA:18,108
DA:21,108
DA:22,14
DA:23,140
DA:24,140
DA:32,14
DA:34,0
DA:35,0
DA:36,0
DA:38,0
DA:42,108
DA:43,14
DA:44,14
DA:45,14
DA:46,14
DA:50,108
DA:51,36
DA:52,36
DA:53,36
DA:55,36
DA:56,36
DA:61,36
DA:63,36
DA:64,34
DA:66,34
DA:69,2
DA:70,2
DA:71,2
DA:75,2
DA:79,36
DA:83,108
DA:84,37
DA:85,37
DA:89,37
DA:93,108
DA:94,0
DA:95,0
DA:97,0
DA:98,0
DA:99,0
DA:103,0
DA:104,0
DA:105,0
DA:106,0
DA:111,108
DA:113,870
DA:115,870
DA:116,564
DA:118,306
DA:119,304
DA:121,2
DA:124,108
DA:146,2
DA:150,210
DA:151,210
DA:179,157
DA:197,0
DA:205,870
DA:217,37
DA:226,36
DA:256,0
DA:263,1
DA:286,1
LF:71
LH:56
BRDA:32,0,0,14
BRDA:32,0,1,0
BRDA:63,1,0,34
BRDA:63,1,1,2
BRDA:95,2,0,0
BRDA:95,2,1,0
BRDA:115,3,0,564
BRDA:115,3,1,306
BRDA:118,4,0,304
BRDA:118,4,1,2
BRDA:137,5,0,21
BRDA:137,5,1,87
BRDA:183,6,0,87
BRDA:183,6,1,3
BRDA:185,7,0,3
BRDA:185,7,1,0
BRDA:187,8,0,0
BRDA:187,8,1,0
BRDA:224,9,0,564
BRDA:224,9,1,306
BRDA:235,10,0,304
BRDA:235,10,1,2
BRDA:253,11,0,87
BRDA:253,11,1,3
BRF:24
BRH:18
end_of_record
